{"/Users/marcelodantas/Documents/GitHub/Job-Application-Tracker-Frontend/src/App.tsx": {"path":"/Users/marcelodantas/Documents/GitHub/Job-Application-Tracker-Frontend/src/App.tsx","statementMap":{"0":{"start":{"line":16,"column":2},"end":{"line":35,"column":null}}},"fnMap":{"0":{"name":"App","decl":{"start":{"line":15,"column":24},"end":{"line":15,"column":30}},"loc":{"start":{"line":15,"column":30},"end":{"line":35,"column":null}},"line":15}},"branchMap":{},"s":{"0":0},"f":{"0":0},"b":{},"meta":{"lastBranch":0,"lastFunction":1,"lastStatement":1,"seen":{"f:15:24:15:30":0,"s:16:2:35:Infinity":0}}}
,"/Users/marcelodantas/Documents/GitHub/Job-Application-Tracker-Frontend/src/components/AutocompleteInput.tsx": {"path":"/Users/marcelodantas/Documents/GitHub/Job-Application-Tracker-Frontend/src/components/AutocompleteInput.tsx","statementMap":{"0":{"start":{"line":16,"column":17},"end":{"line":16,"column":45}},"1":{"start":{"line":17,"column":8},"end":{"line":17,"column":56}},"2":{"start":{"line":19,"column":8},"end":{"line":28,"column":26}},"3":{"start":{"line":20,"column":19},"end":{"line":20,"column":60}},"4":{"start":{"line":21,"column":14},"end":{"line":21,"column":40}},"5":{"start":{"line":23,"column":4},"end":{"line":23,"column":null}},"6":{"start":{"line":23,"column":12},"end":{"line":23,"column":null}},"7":{"start":{"line":25,"column":4},"end":{"line":27,"column":null}},"8":{"start":{"line":26,"column":24},"end":{"line":26,"column":54}},"9":{"start":{"line":30,"column":2},"end":{"line":44,"column":null}},"10":{"start":{"line":32,"column":6},"end":{"line":36,"column":null}},"11":{"start":{"line":36,"column":8},"end":{"line":36,"column":null}},"12":{"start":{"line":40,"column":4},"end":{"line":40,"column":null}},"13":{"start":{"line":41,"column":4},"end":{"line":42,"column":null}},"14":{"start":{"line":42,"column":6},"end":{"line":42,"column":null}},"15":{"start":{"line":46,"column":2},"end":{"line":75,"column":null}},"16":{"start":{"line":52,"column":10},"end":{"line":52,"column":null}},"17":{"start":{"line":53,"column":10},"end":{"line":53,"column":null}},"18":{"start":{"line":55,"column":23},"end":{"line":55,"column":38}},"19":{"start":{"line":62,"column":12},"end":{"line":73,"column":null}},"20":{"start":{"line":67,"column":16},"end":{"line":67,"column":null}},"21":{"start":{"line":68,"column":16},"end":{"line":68,"column":null}},"22":{"start":{"line":69,"column":16},"end":{"line":69,"column":null}}},"fnMap":{"0":{"name":"AutocompleteInput","decl":{"start":{"line":10,"column":24},"end":{"line":10,"column":42}},"loc":{"start":{"line":15,"column":10},"end":{"line":75,"column":null}},"line":15},"1":{"name":"(anonymous_1)","decl":{"start":{"line":19,"column":30},"end":{"line":19,"column":44}},"loc":{"start":{"line":19,"column":44},"end":{"line":28,"column":6}},"line":19},"2":{"name":"(anonymous_2)","decl":{"start":{"line":26,"column":7},"end":{"line":26,"column":15}},"loc":{"start":{"line":26,"column":24},"end":{"line":26,"column":54}},"line":26},"3":{"name":"(anonymous_3)","decl":{"start":{"line":30,"column":2},"end":{"line":30,"column":18}},"loc":{"start":{"line":30,"column":18},"end":{"line":44,"column":7}},"line":30},"4":{"name":"handleClickOutside","decl":{"start":{"line":31,"column":13},"end":{"line":31,"column":32}},"loc":{"start":{"line":31,"column":51},"end":{"line":36,"column":null}},"line":31},"5":{"name":"(anonymous_5)","decl":{"start":{"line":41,"column":4},"end":{"line":41,"column":17}},"loc":{"start":{"line":41,"column":17},"end":{"line":42,"column":null}},"line":41},"6":{"name":"(anonymous_6)","decl":{"start":{"line":51,"column":8},"end":{"line":51,"column":19}},"loc":{"start":{"line":51,"column":25},"end":{"line":53,"column":null}},"line":51},"7":{"name":"(anonymous_7)","decl":{"start":{"line":55,"column":8},"end":{"line":55,"column":23}},"loc":{"start":{"line":55,"column":23},"end":{"line":55,"column":38}},"line":55},"8":{"name":"(anonymous_8)","decl":{"start":{"line":61,"column":31},"end":{"line":61,"column":36}},"loc":{"start":{"line":62,"column":12},"end":{"line":73,"column":null}},"line":62},"9":{"name":"(anonymous_9)","decl":{"start":{"line":66,"column":14},"end":{"line":66,"column":28}},"loc":{"start":{"line":66,"column":34},"end":{"line":69,"column":null}},"line":66}},"branchMap":{"0":{"loc":{"start":{"line":23,"column":4},"end":{"line":23,"column":null}},"type":"if","locations":[{"start":{"line":23,"column":4},"end":{"line":23,"column":null}},{"start":{},"end":{}}],"line":23},"1":{"loc":{"start":{"line":32,"column":6},"end":{"line":36,"column":null}},"type":"if","locations":[{"start":{"line":32,"column":6},"end":{"line":36,"column":null}},{"start":{},"end":{}}],"line":32},"2":{"loc":{"start":{"line":33,"column":8},"end":{"line":34,"column":58}},"type":"binary-expr","locations":[{"start":{"line":33,"column":8},"end":{"line":33,"column":null}},{"start":{"line":34,"column":8},"end":{"line":34,"column":58}}],"line":33},"3":{"loc":{"start":{"line":59,"column":7},"end":{"line":75,"column":null}},"type":"binary-expr","locations":[{"start":{"line":59,"column":7},"end":{"line":59,"column":17}},{"start":{"line":59,"column":17},"end":{"line":59,"column":null}},{"start":{"line":60,"column":8},"end":{"line":75,"column":null}}],"line":59}},"s":{"0":0,"1":0,"2":0,"3":0,"4":0,"5":0,"6":0,"7":0,"8":0,"9":0,"10":0,"11":0,"12":0,"13":0,"14":0,"15":0,"16":0,"17":0,"18":0,"19":0,"20":0,"21":0,"22":0},"f":{"0":0,"1":0,"2":0,"3":0,"4":0,"5":0,"6":0,"7":0,"8":0,"9":0},"b":{"0":[0,0],"1":[0,0],"2":[0,0],"3":[0,0,0]},"meta":{"lastBranch":4,"lastFunction":10,"lastStatement":23,"seen":{"f:10:24:10:42":0,"s:16:17:16:45":0,"s:17:8:17:56":1,"s:19:8:28:26":2,"f:19:30:19:44":1,"s:20:19:20:60":3,"s:21:14:21:40":4,"b:23:4:23:Infinity:undefined:undefined:undefined:undefined":0,"s:23:4:23:Infinity":5,"s:23:12:23:Infinity":6,"s:25:4:27:Infinity":7,"f:26:7:26:15":2,"s:26:24:26:54":8,"s:30:2:44:Infinity":9,"f:30:2:30:18":3,"f:31:13:31:32":4,"b:32:6:36:Infinity:undefined:undefined:undefined:undefined":1,"s:32:6:36:Infinity":10,"b:33:8:33:Infinity:34:8:34:58":2,"s:36:8:36:Infinity":11,"s:40:4:40:Infinity":12,"s:41:4:42:Infinity":13,"f:41:4:41:17":5,"s:42:6:42:Infinity":14,"s:46:2:75:Infinity":15,"f:51:8:51:19":6,"s:52:10:52:Infinity":16,"s:53:10:53:Infinity":17,"f:55:8:55:23":7,"s:55:23:55:38":18,"b:59:7:59:17:59:17:59:Infinity:60:8:75:Infinity":3,"f:61:31:61:36":8,"s:62:12:73:Infinity":19,"f:66:14:66:28":9,"s:67:16:67:Infinity":20,"s:68:16:68:Infinity":21,"s:69:16:69:Infinity":22}}}
,"/Users/marcelodantas/Documents/GitHub/Job-Application-Tracker-Frontend/src/components/CalendarModal.tsx": {"path":"/Users/marcelodantas/Documents/GitHub/Job-Application-Tracker-Frontend/src/components/CalendarModal.tsx","statementMap":{"0":{"start":{"line":12,"column":13},"end":{"line":88,"column":null}},"1":{"start":{"line":13,"column":15},"end":{"line":13,"column":68}},"2":{"start":{"line":14,"column":19},"end":{"line":18,"column":4}},"3":{"start":{"line":20,"column":2},"end":{"line":20,"column":null}},"4":{"start":{"line":20,"column":15},"end":{"line":20,"column":null}},"5":{"start":{"line":22,"column":8},"end":{"line":27,"column":null}},"6":{"start":{"line":23,"column":4},"end":{"line":26,"column":null}},"7":{"start":{"line":27,"column":4},"end":{"line":27,"column":null}},"8":{"start":{"line":30,"column":2},"end":{"line":88,"column":null}},"9":{"start":{"line":47,"column":46},"end":{"line":47,"column":76}},"10":{"start":{"line":58,"column":33},"end":{"line":58,"column":null}},"11":{"start":{"line":63,"column":33},"end":{"line":63,"column":null}},"12":{"start":{"line":70,"column":33},"end":{"line":70,"column":null}}},"fnMap":{"0":{"name":"(anonymous_0)","decl":{"start":{"line":12,"column":13},"end":{"line":12,"column":30}},"loc":{"start":{"line":12,"column":85},"end":{"line":88,"column":null}},"line":12},"1":{"name":"(anonymous_1)","decl":{"start":{"line":22,"column":8},"end":{"line":22,"column":30}},"loc":{"start":{"line":22,"column":30},"end":{"line":27,"column":null}},"line":22},"2":{"name":"(anonymous_2)","decl":{"start":{"line":47,"column":29},"end":{"line":47,"column":40}},"loc":{"start":{"line":47,"column":46},"end":{"line":47,"column":76}},"line":47},"3":{"name":"(anonymous_3)","decl":{"start":{"line":58,"column":16},"end":{"line":58,"column":27}},"loc":{"start":{"line":58,"column":33},"end":{"line":58,"column":null}},"line":58},"4":{"name":"(anonymous_4)","decl":{"start":{"line":63,"column":16},"end":{"line":63,"column":27}},"loc":{"start":{"line":63,"column":33},"end":{"line":63,"column":null}},"line":63},"5":{"name":"(anonymous_5)","decl":{"start":{"line":70,"column":16},"end":{"line":70,"column":27}},"loc":{"start":{"line":70,"column":33},"end":{"line":70,"column":null}},"line":70}},"branchMap":{"0":{"loc":{"start":{"line":15,"column":14},"end":{"line":15,"column":null}},"type":"binary-expr","locations":[{"start":{"line":15,"column":14},"end":{"line":15,"column":36}},{"start":{"line":15,"column":36},"end":{"line":15,"column":null}}],"line":15},"1":{"loc":{"start":{"line":16,"column":10},"end":{"line":16,"column":null}},"type":"binary-expr","locations":[{"start":{"line":16,"column":10},"end":{"line":16,"column":28}},{"start":{"line":16,"column":28},"end":{"line":16,"column":null}}],"line":16},"2":{"loc":{"start":{"line":17,"column":13},"end":{"line":17,"column":null}},"type":"binary-expr","locations":[{"start":{"line":17,"column":13},"end":{"line":17,"column":34}},{"start":{"line":17,"column":34},"end":{"line":17,"column":null}}],"line":17},"3":{"loc":{"start":{"line":20,"column":2},"end":{"line":20,"column":null}},"type":"if","locations":[{"start":{"line":20,"column":2},"end":{"line":20,"column":null}},{"start":{},"end":{}}],"line":20},"4":{"loc":{"start":{"line":52,"column":13},"end":{"line":71,"column":null}},"type":"cond-expr","locations":[{"start":{"line":53,"column":12},"end":{"line":65,"column":null}},{"start":{"line":67,"column":12},"end":{"line":71,"column":null}}],"line":52}},"s":{"0":0,"1":0,"2":0,"3":0,"4":0,"5":0,"6":0,"7":0,"8":0,"9":0,"10":0,"11":0,"12":0},"f":{"0":0,"1":0,"2":0,"3":0,"4":0,"5":0},"b":{"0":[0,0],"1":[0,0],"2":[0,0],"3":[0,0],"4":[0,0]},"meta":{"lastBranch":5,"lastFunction":6,"lastStatement":13,"seen":{"s:12:13:88:Infinity":0,"f:12:13:12:30":0,"s:13:15:13:68":1,"s:14:19:18:4":2,"b:15:14:15:36:15:36:15:Infinity":0,"b:16:10:16:28:16:28:16:Infinity":1,"b:17:13:17:34:17:34:17:Infinity":2,"b:20:2:20:Infinity:undefined:undefined:undefined:undefined":3,"s:20:2:20:Infinity":3,"s:20:15:20:Infinity":4,"s:22:8:27:Infinity":5,"f:22:8:22:30":1,"s:23:4:26:Infinity":6,"s:27:4:27:Infinity":7,"s:30:2:88:Infinity":8,"f:47:29:47:40":2,"s:47:46:47:76":9,"b:53:12:65:Infinity:67:12:71:Infinity":4,"f:58:16:58:27":3,"s:58:33:58:Infinity":10,"f:63:16:63:27":4,"s:63:33:63:Infinity":11,"f:70:16:70:27":5,"s:70:33:70:Infinity":12}}}
,"/Users/marcelodantas/Documents/GitHub/Job-Application-Tracker-Frontend/src/components/LogoutButton.tsx": {"path":"/Users/marcelodantas/Documents/GitHub/Job-Application-Tracker-Frontend/src/components/LogoutButton.tsx","statementMap":{"0":{"start":{"line":4,"column":10},"end":{"line":4,"column":30}},"1":{"start":{"line":6,"column":2},"end":{"line":9,"column":null}}},"fnMap":{"0":{"name":"LogoutButton","decl":{"start":{"line":3,"column":24},"end":{"line":3,"column":39}},"loc":{"start":{"line":3,"column":39},"end":{"line":9,"column":null}},"line":3}},"branchMap":{},"s":{"0":2,"1":2},"f":{"0":2},"b":{},"meta":{"lastBranch":0,"lastFunction":1,"lastStatement":2,"seen":{"f:3:24:3:39":0,"s:4:10:4:30":0,"s:6:2:9:Infinity":1}}}
,"/Users/marcelodantas/Documents/GitHub/Job-Application-Tracker-Frontend/src/components/Navbar.tsx": {"path":"/Users/marcelodantas/Documents/GitHub/Job-Application-Tracker-Frontend/src/components/Navbar.tsx","statementMap":{"0":{"start":{"line":7,"column":15},"end":{"line":7,"column":41}},"1":{"start":{"line":8,"column":8},"end":{"line":8,"column":32}},"2":{"start":{"line":11,"column":4},"end":{"line":11,"column":null}},"3":{"start":{"line":14,"column":2},"end":{"line":48,"column":null}},"4":{"start":{"line":35,"column":25},"end":{"line":35,"column":39}},"5":{"start":{"line":43,"column":38},"end":{"line":43,"column":52}},"6":{"start":{"line":44,"column":50},"end":{"line":44,"column":64}},"7":{"start":{"line":45,"column":59},"end":{"line":45,"column":73}},"8":{"start":{"line":46,"column":46},"end":{"line":46,"column":60}}},"fnMap":{"0":{"name":"Navbar","decl":{"start":{"line":6,"column":24},"end":{"line":6,"column":33}},"loc":{"start":{"line":6,"column":33},"end":{"line":48,"column":null}},"line":6},"1":{"name":"isActive","decl":{"start":{"line":10,"column":11},"end":{"line":10,"column":20}},"loc":{"start":{"line":10,"column":34},"end":{"line":11,"column":null}},"line":10},"2":{"name":"(anonymous_2)","decl":{"start":{"line":35,"column":10},"end":{"line":35,"column":25}},"loc":{"start":{"line":35,"column":25},"end":{"line":35,"column":39}},"line":35},"3":{"name":"(anonymous_3)","decl":{"start":{"line":43,"column":23},"end":{"line":43,"column":38}},"loc":{"start":{"line":43,"column":38},"end":{"line":43,"column":52}},"line":43},"4":{"name":"(anonymous_4)","decl":{"start":{"line":44,"column":35},"end":{"line":44,"column":50}},"loc":{"start":{"line":44,"column":50},"end":{"line":44,"column":64}},"line":44},"5":{"name":"(anonymous_5)","decl":{"start":{"line":45,"column":44},"end":{"line":45,"column":59}},"loc":{"start":{"line":45,"column":59},"end":{"line":45,"column":73}},"line":45},"6":{"name":"(anonymous_6)","decl":{"start":{"line":46,"column":31},"end":{"line":46,"column":46}},"loc":{"start":{"line":46,"column":46},"end":{"line":46,"column":60}},"line":46}},"branchMap":{"0":{"loc":{"start":{"line":11,"column":11},"end":{"line":11,"column":null}},"type":"cond-expr","locations":[{"start":{"line":11,"column":40},"end":{"line":11,"column":51}},{"start":{"line":11,"column":51},"end":{"line":11,"column":null}}],"line":11},"1":{"loc":{"start":{"line":37,"column":11},"end":{"line":37,"column":null}},"type":"cond-expr","locations":[{"start":{"line":37,"column":18},"end":{"line":37,"column":37}},{"start":{"line":37,"column":36},"end":{"line":37,"column":null}}],"line":37},"2":{"loc":{"start":{"line":41,"column":7},"end":{"line":48,"column":null}},"type":"binary-expr","locations":[{"start":{"line":41,"column":7},"end":{"line":41,"column":null}},{"start":{"line":42,"column":8},"end":{"line":48,"column":null}}],"line":41}},"s":{"0":2,"1":2,"2":8,"3":2,"4":0,"5":0,"6":0,"7":0,"8":0},"f":{"0":2,"1":8,"2":0,"3":0,"4":0,"5":0,"6":0},"b":{"0":[2,6],"1":[0,2],"2":[2,0]},"meta":{"lastBranch":3,"lastFunction":7,"lastStatement":9,"seen":{"f:6:24:6:33":0,"s:7:15:7:41":0,"s:8:8:8:32":1,"f:10:11:10:20":1,"s:11:4:11:Infinity":2,"b:11:40:11:51:11:51:11:Infinity":0,"s:14:2:48:Infinity":3,"f:35:10:35:25":2,"s:35:25:35:39":4,"b:37:18:37:37:37:36:37:Infinity":1,"b:41:7:41:Infinity:42:8:48:Infinity":2,"f:43:23:43:38":3,"s:43:38:43:52":5,"f:44:35:44:50":4,"s:44:50:44:64":6,"f:45:44:45:59":5,"s:45:59:45:73":7,"f:46:31:46:46":6,"s:46:46:46:60":8}}}
,"/Users/marcelodantas/Documents/GitHub/Job-Application-Tracker-Frontend/src/components/PageShell.tsx": {"path":"/Users/marcelodantas/Documents/GitHub/Job-Application-Tracker-Frontend/src/components/PageShell.tsx","statementMap":{"0":{"start":{"line":4,"column":2},"end":{"line":11,"column":null}}},"fnMap":{"0":{"name":"PageShell","decl":{"start":{"line":3,"column":24},"end":{"line":3,"column":34}},"loc":{"start":{"line":3,"column":60},"end":{"line":11,"column":null}},"line":3}},"branchMap":{},"s":{"0":2},"f":{"0":2},"b":{},"meta":{"lastBranch":0,"lastFunction":1,"lastStatement":1,"seen":{"f:3:24:3:34":0,"s:4:2:11:Infinity":0}}}
,"/Users/marcelodantas/Documents/GitHub/Job-Application-Tracker-Frontend/src/components/PasswordStrength.tsx": {"path":"/Users/marcelodantas/Documents/GitHub/Job-Application-Tracker-Frontend/src/components/PasswordStrength.tsx","statementMap":{"0":{"start":{"line":8,"column":2},"end":{"line":8,"column":null}},"1":{"start":{"line":8,"column":17},"end":{"line":8,"column":null}},"2":{"start":{"line":9,"column":8},"end":{"line":9,"column":48}},"3":{"start":{"line":11,"column":2},"end":{"line":19,"column":null}}},"fnMap":{"0":{"name":"PasswordStrength","decl":{"start":{"line":7,"column":24},"end":{"line":7,"column":41}},"loc":{"start":{"line":7,"column":62},"end":{"line":19,"column":null}},"line":7}},"branchMap":{"0":{"loc":{"start":{"line":8,"column":2},"end":{"line":8,"column":null}},"type":"if","locations":[{"start":{"line":8,"column":2},"end":{"line":8,"column":null}},{"start":{},"end":{}}],"line":8}},"s":{"0":0,"1":0,"2":0,"3":0},"f":{"0":0},"b":{"0":[0,0]},"meta":{"lastBranch":1,"lastFunction":1,"lastStatement":4,"seen":{"f:7:24:7:41":0,"b:8:2:8:Infinity:undefined:undefined:undefined:undefined":0,"s:8:2:8:Infinity":0,"s:8:17:8:Infinity":1,"s:9:8:9:48":2,"s:11:2:19:Infinity":3}}}
,"/Users/marcelodantas/Documents/GitHub/Job-Application-Tracker-Frontend/src/components/PrivateRoute.tsx": {"path":"/Users/marcelodantas/Documents/GitHub/Job-Application-Tracker-Frontend/src/components/PrivateRoute.tsx","statementMap":{"0":{"start":{"line":5,"column":4},"end":{"line":6,"column":35}},"1":{"start":{"line":8,"column":2},"end":{"line":9,"column":null}},"2":{"start":{"line":9,"column":4},"end":{"line":9,"column":null}},"3":{"start":{"line":12,"column":2},"end":{"line":12,"column":null}}},"fnMap":{"0":{"name":"PrivateRoute","decl":{"start":{"line":3,"column":24},"end":{"line":3,"column":37}},"loc":{"start":{"line":3,"column":56},"end":{"line":12,"column":null}},"line":3}},"branchMap":{"0":{"loc":{"start":{"line":5,"column":4},"end":{"line":6,"column":35}},"type":"binary-expr","locations":[{"start":{"line":5,"column":4},"end":{"line":5,"column":33}},{"start":{"line":6,"column":4},"end":{"line":6,"column":35}}],"line":5},"1":{"loc":{"start":{"line":8,"column":2},"end":{"line":9,"column":null}},"type":"if","locations":[{"start":{"line":8,"column":2},"end":{"line":9,"column":null}},{"start":{},"end":{}}],"line":8}},"s":{"0":0,"1":0,"2":0,"3":0},"f":{"0":0},"b":{"0":[0,0],"1":[0,0]},"meta":{"lastBranch":2,"lastFunction":1,"lastStatement":4,"seen":{"f:3:24:3:37":0,"s:5:4:6:35":0,"b:5:4:5:33:6:4:6:35":0,"b:8:2:9:Infinity:undefined:undefined:undefined:undefined":1,"s:8:2:9:Infinity":1,"s:9:4:9:Infinity":2,"s:12:2:12:Infinity":3}}}
,"/Users/marcelodantas/Documents/GitHub/Job-Application-Tracker-Frontend/src/context/AuthContext.tsx": {"path":"/Users/marcelodantas/Documents/GitHub/Job-Application-Tracker-Frontend/src/context/AuthContext.tsx","statementMap":{"0":{"start":{"line":5,"column":6},"end":{"line":5,"column":44}},"1":{"start":{"line":9,"column":8},"end":{"line":9,"column":32}},"2":{"start":{"line":10,"column":16},"end":{"line":12,"column":null}},"3":{"start":{"line":16,"column":4},"end":{"line":16,"column":null}},"4":{"start":{"line":17,"column":4},"end":{"line":22,"column":null}},"5":{"start":{"line":18,"column":6},"end":{"line":18,"column":null}},"6":{"start":{"line":19,"column":6},"end":{"line":19,"column":null}},"7":{"start":{"line":21,"column":6},"end":{"line":21,"column":null}},"8":{"start":{"line":22,"column":6},"end":{"line":22,"column":null}},"9":{"start":{"line":25,"column":4},"end":{"line":25,"column":null}},"10":{"start":{"line":29,"column":4},"end":{"line":29,"column":null}},"11":{"start":{"line":30,"column":4},"end":{"line":30,"column":null}},"12":{"start":{"line":31,"column":4},"end":{"line":31,"column":null}},"13":{"start":{"line":32,"column":4},"end":{"line":32,"column":null}},"14":{"start":{"line":35,"column":2},"end":{"line":38,"column":null}},"15":{"start":{"line":43,"column":2},"end":{"line":43,"column":null}}},"fnMap":{"0":{"name":"AuthProvider","decl":{"start":{"line":8,"column":16},"end":{"line":8,"column":29}},"loc":{"start":{"line":8,"column":48},"end":{"line":38,"column":null}},"line":8},"1":{"name":"login","decl":{"start":{"line":15,"column":11},"end":{"line":15,"column":17}},"loc":{"start":{"line":15,"column":64},"end":{"line":25,"column":null}},"line":15},"2":{"name":"logout","decl":{"start":{"line":28,"column":11},"end":{"line":28,"column":20}},"loc":{"start":{"line":28,"column":20},"end":{"line":32,"column":null}},"line":28},"3":{"name":"useAuth","decl":{"start":{"line":42,"column":16},"end":{"line":42,"column":26}},"loc":{"start":{"line":42,"column":26},"end":{"line":43,"column":null}},"line":42}},"branchMap":{"0":{"loc":{"start":{"line":11,"column":4},"end":{"line":12,"column":35}},"type":"binary-expr","locations":[{"start":{"line":11,"column":4},"end":{"line":11,"column":33}},{"start":{"line":12,"column":4},"end":{"line":12,"column":35}}],"line":11},"1":{"loc":{"start":{"line":17,"column":4},"end":{"line":22,"column":null}},"type":"if","locations":[{"start":{"line":17,"column":4},"end":{"line":22,"column":null}},{"start":{"line":20,"column":11},"end":{"line":22,"column":null}}],"line":17}},"s":{"0":0,"1":0,"2":0,"3":0,"4":0,"5":0,"6":0,"7":0,"8":0,"9":0,"10":0,"11":0,"12":0,"13":0,"14":0,"15":0},"f":{"0":0,"1":0,"2":0,"3":0},"b":{"0":[0,0],"1":[0,0]},"meta":{"lastBranch":2,"lastFunction":4,"lastStatement":16,"seen":{"s:5:6:5:44":0,"f:8:16:8:29":0,"s:9:8:9:32":1,"s:10:16:12:Infinity":2,"b:11:4:11:33:12:4:12:35":0,"f:15:11:15:17":1,"s:16:4:16:Infinity":3,"b:17:4:22:Infinity:20:11:22:Infinity":1,"s:17:4:22:Infinity":4,"s:18:6:18:Infinity":5,"s:19:6:19:Infinity":6,"s:21:6:21:Infinity":7,"s:22:6:22:Infinity":8,"s:25:4:25:Infinity":9,"f:28:11:28:20":2,"s:29:4:29:Infinity":10,"s:30:4:30:Infinity":11,"s:31:4:31:Infinity":12,"s:32:4:32:Infinity":13,"s:35:2:38:Infinity":14,"f:42:16:42:26":3,"s:43:2:43:Infinity":15}}}
,"/Users/marcelodantas/Documents/GitHub/Job-Application-Tracker-Frontend/src/models/interview.ts": {"path":"/Users/marcelodantas/Documents/GitHub/Job-Application-Tracker-Frontend/src/models/interview.ts","statementMap":{},"fnMap":{},"branchMap":{},"s":{},"f":{},"b":{},"meta":{"lastBranch":0,"lastFunction":0,"lastStatement":0,"seen":{}}}
,"/Users/marcelodantas/Documents/GitHub/Job-Application-Tracker-Frontend/src/pages/Analytics.tsx": {"path":"/Users/marcelodantas/Documents/GitHub/Job-Application-Tracker-Frontend/src/pages/Analytics.tsx","statementMap":{"0":{"start":{"line":17,"column":45},"end":{"line":26,"column":null}},"1":{"start":{"line":29,"column":15},"end":{"line":29,"column":45}},"2":{"start":{"line":32,"column":4},"end":{"line":33,"column":35}},"3":{"start":{"line":35,"column":2},"end":{"line":37,"column":null}},"4":{"start":{"line":36,"column":4},"end":{"line":36,"column":null}},"5":{"start":{"line":40,"column":4},"end":{"line":46,"column":null}},"6":{"start":{"line":41,"column":18},"end":{"line":43,"column":8}},"7":{"start":{"line":44,"column":6},"end":{"line":44,"column":null}},"8":{"start":{"line":46,"column":6},"end":{"line":46,"column":null}},"9":{"start":{"line":50,"column":16},"end":{"line":50,"column":null}},"10":{"start":{"line":52,"column":17},"end":{"line":52,"column":null}},"11":{"start":{"line":52,"column":34},"end":{"line":52,"column":61}},"12":{"start":{"line":54,"column":21},"end":{"line":54,"column":null}},"13":{"start":{"line":54,"column":38},"end":{"line":54,"column":65}},"14":{"start":{"line":57,"column":4},"end":{"line":60,"column":null}},"15":{"start":{"line":60,"column":31},"end":{"line":60,"column":46}},"16":{"start":{"line":64,"column":28},"end":{"line":64,"column":30}},"17":{"start":{"line":66,"column":4},"end":{"line":78,"column":null}},"18":{"start":{"line":67,"column":6},"end":{"line":67,"column":null}},"19":{"start":{"line":67,"column":24},"end":{"line":67,"column":null}},"20":{"start":{"line":69,"column":6},"end":{"line":75,"column":null}},"21":{"start":{"line":69,"column":19},"end":{"line":69,"column":22}},"22":{"start":{"line":70,"column":8},"end":{"line":75,"column":null}},"23":{"start":{"line":71,"column":23},"end":{"line":71,"column":66}},"24":{"start":{"line":72,"column":26},"end":{"line":72,"column":65}},"25":{"start":{"line":74,"column":16},"end":{"line":74,"column":null}},"26":{"start":{"line":75,"column":10},"end":{"line":75,"column":null}},"27":{"start":{"line":80,"column":4},"end":{"line":80,"column":null}},"28":{"start":{"line":80,"column":23},"end":{"line":80,"column":null}},"29":{"start":{"line":82,"column":4},"end":{"line":82,"column":null}},"30":{"start":{"line":82,"column":35},"end":{"line":82,"column":42}},"31":{"start":{"line":86,"column":28},"end":{"line":86,"column":30}},"32":{"start":{"line":88,"column":4},"end":{"line":96,"column":null}},"33":{"start":{"line":89,"column":6},"end":{"line":89,"column":null}},"34":{"start":{"line":89,"column":50},"end":{"line":89,"column":null}},"35":{"start":{"line":91,"column":20},"end":{"line":91,"column":59}},"36":{"start":{"line":92,"column":19},"end":{"line":92,"column":79}},"37":{"start":{"line":94,"column":12},"end":{"line":94,"column":null}},"38":{"start":{"line":95,"column":6},"end":{"line":95,"column":null}},"39":{"start":{"line":98,"column":4},"end":{"line":98,"column":null}},"40":{"start":{"line":98,"column":23},"end":{"line":98,"column":null}},"41":{"start":{"line":100,"column":4},"end":{"line":100,"column":null}},"42":{"start":{"line":100,"column":35},"end":{"line":100,"column":42}},"43":{"start":{"line":103,"column":18},"end":{"line":107,"column":8}},"44":{"start":{"line":104,"column":18},"end":{"line":104,"column":null}},"45":{"start":{"line":105,"column":4},"end":{"line":105,"column":null}},"46":{"start":{"line":106,"column":4},"end":{"line":106,"column":null}},"47":{"start":{"line":109,"column":25},"end":{"line":112,"column":5}},"48":{"start":{"line":109,"column":60},"end":{"line":112,"column":5}},"49":{"start":{"line":114,"column":21},"end":{"line":121,"column":null}},"50":{"start":{"line":118,"column":30},"end":{"line":118,"column":67}},"51":{"start":{"line":123,"column":17},"end":{"line":128,"column":null}},"52":{"start":{"line":130,"column":2},"end":{"line":219,"column":null}},"53":{"start":{"line":160,"column":20},"end":{"line":160,"column":null}},"54":{"start":{"line":171,"column":39},"end":{"line":174,"column":19}},"55":{"start":{"line":225,"column":2},"end":{"line":233,"column":null}},"56":{"start":{"line":239,"column":2},"end":{"line":247,"column":null}}},"fnMap":{"0":{"name":"Analytics","decl":{"start":{"line":28,"column":24},"end":{"line":28,"column":36}},"loc":{"start":{"line":28,"column":36},"end":{"line":219,"column":null}},"line":28},"1":{"name":"(anonymous_1)","decl":{"start":{"line":35,"column":2},"end":{"line":35,"column":18}},"loc":{"start":{"line":35,"column":18},"end":{"line":37,"column":7}},"line":35},"2":{"name":"load","decl":{"start":{"line":39,"column":17},"end":{"line":39,"column":24}},"loc":{"start":{"line":39,"column":24},"end":{"line":46,"column":null}},"line":39},"3":{"name":"(anonymous_3)","decl":{"start":{"line":52,"column":22},"end":{"line":52,"column":29}},"loc":{"start":{"line":52,"column":34},"end":{"line":52,"column":61}},"line":52},"4":{"name":"(anonymous_4)","decl":{"start":{"line":54,"column":26},"end":{"line":54,"column":33}},"loc":{"start":{"line":54,"column":38},"end":{"line":54,"column":65}},"line":54},"5":{"name":"formatStageLabel","decl":{"start":{"line":56,"column":11},"end":{"line":56,"column":28}},"loc":{"start":{"line":56,"column":43},"end":{"line":60,"column":null}},"line":56},"6":{"name":"(anonymous_6)","decl":{"start":{"line":60,"column":17},"end":{"line":60,"column":26}},"loc":{"start":{"line":60,"column":31},"end":{"line":60,"column":46}},"line":60},"7":{"name":"calculateAverageTime","decl":{"start":{"line":63,"column":11},"end":{"line":63,"column":32}},"loc":{"start":{"line":63,"column":47},"end":{"line":82,"column":null}},"line":63},"8":{"name":"(anonymous_8)","decl":{"start":{"line":66,"column":9},"end":{"line":66,"column":17}},"loc":{"start":{"line":66,"column":24},"end":{"line":78,"column":null}},"line":66},"9":{"name":"(anonymous_9)","decl":{"start":{"line":82,"column":18},"end":{"line":82,"column":26}},"loc":{"start":{"line":82,"column":35},"end":{"line":82,"column":42}},"line":82},"10":{"name":"calculateAverageTotal","decl":{"start":{"line":85,"column":11},"end":{"line":85,"column":35}},"loc":{"start":{"line":85,"column":35},"end":{"line":100,"column":null}},"line":85},"11":{"name":"(anonymous_11)","decl":{"start":{"line":88,"column":9},"end":{"line":88,"column":17}},"loc":{"start":{"line":88,"column":24},"end":{"line":96,"column":null}},"line":88},"12":{"name":"(anonymous_12)","decl":{"start":{"line":100,"column":18},"end":{"line":100,"column":26}},"loc":{"start":{"line":100,"column":35},"end":{"line":100,"column":42}},"line":100},"13":{"name":"(anonymous_13)","decl":{"start":{"line":103,"column":23},"end":{"line":103,"column":31}},"loc":{"start":{"line":103,"column":49},"end":{"line":107,"column":7}},"line":103},"14":{"name":"(anonymous_14)","decl":{"start":{"line":109,"column":46},"end":{"line":109,"column":50}},"loc":{"start":{"line":109,"column":60},"end":{"line":112,"column":5}},"line":109},"15":{"name":"(anonymous_15)","decl":{"start":{"line":118,"column":18},"end":{"line":118,"column":25}},"loc":{"start":{"line":118,"column":30},"end":{"line":118,"column":67}},"line":118},"16":{"name":"(anonymous_16)","decl":{"start":{"line":159,"column":34},"end":{"line":159,"column":39}},"loc":{"start":{"line":160,"column":20},"end":{"line":160,"column":null}},"line":160},"17":{"name":"(anonymous_17)","decl":{"start":{"line":171,"column":29},"end":{"line":171,"column":33}},"loc":{"start":{"line":171,"column":39},"end":{"line":174,"column":19}},"line":171},"18":{"name":"Card","decl":{"start":{"line":224,"column":9},"end":{"line":224,"column":14}},"loc":{"start":{"line":224,"column":37},"end":{"line":233,"column":null}},"line":224},"19":{"name":"ChartCard","decl":{"start":{"line":238,"column":9},"end":{"line":238,"column":19}},"loc":{"start":{"line":238,"column":45},"end":{"line":247,"column":null}},"line":238}},"branchMap":{"0":{"loc":{"start":{"line":32,"column":4},"end":{"line":33,"column":35}},"type":"binary-expr","locations":[{"start":{"line":32,"column":4},"end":{"line":32,"column":33}},{"start":{"line":33,"column":4},"end":{"line":33,"column":35}}],"line":32},"1":{"loc":{"start":{"line":67,"column":6},"end":{"line":67,"column":null}},"type":"if","locations":[{"start":{"line":67,"column":6},"end":{"line":67,"column":null}},{"start":{},"end":{}}],"line":67},"2":{"loc":{"start":{"line":70,"column":8},"end":{"line":75,"column":null}},"type":"if","locations":[{"start":{"line":70,"column":8},"end":{"line":75,"column":null}},{"start":{},"end":{}}],"line":70},"3":{"loc":{"start":{"line":80,"column":4},"end":{"line":80,"column":null}},"type":"if","locations":[{"start":{"line":80,"column":4},"end":{"line":80,"column":null}},{"start":{},"end":{}}],"line":80},"4":{"loc":{"start":{"line":89,"column":6},"end":{"line":89,"column":null}},"type":"if","locations":[{"start":{"line":89,"column":6},"end":{"line":89,"column":null}},{"start":{},"end":{}}],"line":89},"5":{"loc":{"start":{"line":89,"column":10},"end":{"line":89,"column":50}},"type":"binary-expr","locations":[{"start":{"line":89,"column":10},"end":{"line":89,"column":26}},{"start":{"line":89,"column":26},"end":{"line":89,"column":50}}],"line":89},"6":{"loc":{"start":{"line":98,"column":4},"end":{"line":98,"column":null}},"type":"if","locations":[{"start":{"line":98,"column":4},"end":{"line":98,"column":null}},{"start":{},"end":{}}],"line":98},"7":{"loc":{"start":{"line":104,"column":18},"end":{"line":104,"column":null}},"type":"binary-expr","locations":[{"start":{"line":104,"column":18},"end":{"line":104,"column":38}},{"start":{"line":104,"column":38},"end":{"line":104,"column":null}}],"line":104},"8":{"loc":{"start":{"line":105,"column":18},"end":{"line":105,"column":37}},"type":"binary-expr","locations":[{"start":{"line":105,"column":18},"end":{"line":105,"column":32}},{"start":{"line":105,"column":32},"end":{"line":105,"column":37}}],"line":105},"9":{"loc":{"start":{"line":160,"column":44},"end":{"line":160,"column":82}},"type":"binary-expr","locations":[{"start":{"line":160,"column":44},"end":{"line":160,"column":72}},{"start":{"line":160,"column":72},"end":{"line":160,"column":82}}],"line":160}},"s":{"0":0,"1":0,"2":0,"3":0,"4":0,"5":0,"6":0,"7":0,"8":0,"9":0,"10":0,"11":0,"12":0,"13":0,"14":0,"15":0,"16":0,"17":0,"18":0,"19":0,"20":0,"21":0,"22":0,"23":0,"24":0,"25":0,"26":0,"27":0,"28":0,"29":0,"30":0,"31":0,"32":0,"33":0,"34":0,"35":0,"36":0,"37":0,"38":0,"39":0,"40":0,"41":0,"42":0,"43":0,"44":0,"45":0,"46":0,"47":0,"48":0,"49":0,"50":0,"51":0,"52":0,"53":0,"54":0,"55":0,"56":0},"f":{"0":0,"1":0,"2":0,"3":0,"4":0,"5":0,"6":0,"7":0,"8":0,"9":0,"10":0,"11":0,"12":0,"13":0,"14":0,"15":0,"16":0,"17":0,"18":0,"19":0},"b":{"0":[0,0],"1":[0,0],"2":[0,0],"3":[0,0],"4":[0,0],"5":[0,0],"6":[0,0],"7":[0,0],"8":[0,0],"9":[0,0]},"meta":{"lastBranch":10,"lastFunction":20,"lastStatement":57,"seen":{"s:17:45:26:Infinity":0,"f:28:24:28:36":0,"s:29:15:29:45":1,"s:32:4:33:35":2,"b:32:4:32:33:33:4:33:35":0,"s:35:2:37:Infinity":3,"f:35:2:35:18":1,"s:36:4:36:Infinity":4,"f:39:17:39:24":2,"s:40:4:46:Infinity":5,"s:41:18:43:8":6,"s:44:6:44:Infinity":7,"s:46:6:46:Infinity":8,"s:50:16:50:Infinity":9,"s:52:17:52:Infinity":10,"f:52:22:52:29":3,"s:52:34:52:61":11,"s:54:21:54:Infinity":12,"f:54:26:54:33":4,"s:54:38:54:65":13,"f:56:11:56:28":5,"s:57:4:60:Infinity":14,"f:60:17:60:26":6,"s:60:31:60:46":15,"f:63:11:63:32":7,"s:64:28:64:30":16,"s:66:4:78:Infinity":17,"f:66:9:66:17":8,"b:67:6:67:Infinity:undefined:undefined:undefined:undefined":1,"s:67:6:67:Infinity":18,"s:67:24:67:Infinity":19,"s:69:6:75:Infinity":20,"s:69:19:69:22":21,"b:70:8:75:Infinity:undefined:undefined:undefined:undefined":2,"s:70:8:75:Infinity":22,"s:71:23:71:66":23,"s:72:26:72:65":24,"s:74:16:74:Infinity":25,"s:75:10:75:Infinity":26,"b:80:4:80:Infinity:undefined:undefined:undefined:undefined":3,"s:80:4:80:Infinity":27,"s:80:23:80:Infinity":28,"s:82:4:82:Infinity":29,"f:82:18:82:26":9,"s:82:35:82:42":30,"f:85:11:85:35":10,"s:86:28:86:30":31,"s:88:4:96:Infinity":32,"f:88:9:88:17":11,"b:89:6:89:Infinity:undefined:undefined:undefined:undefined":4,"s:89:6:89:Infinity":33,"b:89:10:89:26:89:26:89:50":5,"s:89:50:89:Infinity":34,"s:91:20:91:59":35,"s:92:19:92:79":36,"s:94:12:94:Infinity":37,"s:95:6:95:Infinity":38,"b:98:4:98:Infinity:undefined:undefined:undefined:undefined":6,"s:98:4:98:Infinity":39,"s:98:23:98:Infinity":40,"s:100:4:100:Infinity":41,"f:100:18:100:26":12,"s:100:35:100:42":42,"s:103:18:107:8":43,"f:103:23:103:31":13,"s:104:18:104:Infinity":44,"b:104:18:104:38:104:38:104:Infinity":7,"s:105:4:105:Infinity":45,"b:105:18:105:32:105:32:105:37":8,"s:106:4:106:Infinity":46,"s:109:25:112:5":47,"f:109:46:109:50":14,"s:109:60:112:5":48,"s:114:21:121:Infinity":49,"f:118:18:118:25":15,"s:118:30:118:67":50,"s:123:17:128:Infinity":51,"s:130:2:219:Infinity":52,"f:159:34:159:39":16,"s:160:20:160:Infinity":53,"b:160:44:160:72:160:72:160:82":9,"f:171:29:171:33":17,"s:171:39:174:19":54,"f:224:9:224:14":18,"s:225:2:233:Infinity":55,"f:238:9:238:19":19,"s:239:2:247:Infinity":56}}}
,"/Users/marcelodantas/Documents/GitHub/Job-Application-Tracker-Frontend/src/pages/ApplicationDetails.tsx": {"path":"/Users/marcelodantas/Documents/GitHub/Job-Application-Tracker-Frontend/src/pages/ApplicationDetails.tsx","statementMap":{"0":{"start":{"line":9,"column":19},"end":{"line":17,"column":null}},"1":{"start":{"line":21,"column":2},"end":{"line":21,"column":null}},"2":{"start":{"line":25,"column":38},"end":{"line":35,"column":null}},"3":{"start":{"line":36,"column":2},"end":{"line":36,"column":null}},"4":{"start":{"line":40,"column":10},"end":{"line":40,"column":28}},"5":{"start":{"line":41,"column":8},"end":{"line":41,"column":32}},"6":{"start":{"line":43,"column":15},"end":{"line":43,"column":45}},"7":{"start":{"line":44,"column":16},"end":{"line":44,"column":43}},"8":{"start":{"line":45,"column":25},"end":{"line":45,"column":68}},"9":{"start":{"line":46,"column":23},"end":{"line":46,"column":69}},"10":{"start":{"line":47,"column":18},"end":{"line":47,"column":51}},"11":{"start":{"line":48,"column":24},"end":{"line":48,"column":64}},"12":{"start":{"line":49,"column":22},"end":{"line":49,"column":69}},"13":{"start":{"line":52,"column":4},"end":{"line":53,"column":35}},"14":{"start":{"line":55,"column":2},"end":{"line":57,"column":null}},"15":{"start":{"line":56,"column":4},"end":{"line":56,"column":null}},"16":{"start":{"line":59,"column":24},"end":{"line":64,"column":null}},"17":{"start":{"line":66,"column":2},"end":{"line":78,"column":null}},"18":{"start":{"line":67,"column":4},"end":{"line":67,"column":null}},"19":{"start":{"line":67,"column":24},"end":{"line":67,"column":null}},"20":{"start":{"line":69,"column":16},"end":{"line":69,"column":53}},"21":{"start":{"line":71,"column":4},"end":{"line":77,"column":null}},"22":{"start":{"line":72,"column":6},"end":{"line":75,"column":null}},"23":{"start":{"line":73,"column":8},"end":{"line":75,"column":null}},"24":{"start":{"line":81,"column":4},"end":{"line":96,"column":null}},"25":{"start":{"line":82,"column":18},"end":{"line":84,"column":8}},"26":{"start":{"line":85,"column":6},"end":{"line":85,"column":null}},"27":{"start":{"line":86,"column":6},"end":{"line":86,"column":null}},"28":{"start":{"line":87,"column":6},"end":{"line":87,"column":null}},"29":{"start":{"line":88,"column":6},"end":{"line":88,"column":null}},"30":{"start":{"line":89,"column":6},"end":{"line":93,"column":null}},"31":{"start":{"line":90,"column":21},"end":{"line":90,"column":53}},"32":{"start":{"line":91,"column":23},"end":{"line":91,"column":47}},"33":{"start":{"line":92,"column":8},"end":{"line":92,"column":null}},"34":{"start":{"line":93,"column":8},"end":{"line":93,"column":null}},"35":{"start":{"line":96,"column":6},"end":{"line":96,"column":null}},"36":{"start":{"line":101,"column":4},"end":{"line":123,"column":null}},"37":{"start":{"line":102,"column":22},"end":{"line":110,"column":null}},"38":{"start":{"line":112,"column":6},"end":{"line":114,"column":null}},"39":{"start":{"line":116,"column":6},"end":{"line":116,"column":null}},"40":{"start":{"line":118,"column":6},"end":{"line":120,"column":null}},"41":{"start":{"line":119,"column":8},"end":{"line":119,"column":null}},"42":{"start":{"line":123,"column":6},"end":{"line":123,"column":null}},"43":{"start":{"line":128,"column":4},"end":{"line":133,"column":null}},"44":{"start":{"line":129,"column":6},"end":{"line":130,"column":null}},"45":{"start":{"line":130,"column":8},"end":{"line":130,"column":null}},"46":{"start":{"line":130,"column":32},"end":{"line":130,"column":46}},"47":{"start":{"line":132,"column":6},"end":{"line":132,"column":null}},"48":{"start":{"line":137,"column":4},"end":{"line":137,"column":null}},"49":{"start":{"line":140,"column":6},"end":{"line":141,"column":null}},"50":{"start":{"line":144,"column":6},"end":{"line":146,"column":34}},"51":{"start":{"line":148,"column":4},"end":{"line":160,"column":null}},"52":{"start":{"line":149,"column":28},"end":{"line":149,"column":66}},"53":{"start":{"line":149,"column":48},"end":{"line":149,"column":66}},"54":{"start":{"line":151,"column":6},"end":{"line":156,"column":null}},"55":{"start":{"line":152,"column":8},"end":{"line":156,"column":null}},"56":{"start":{"line":153,"column":10},"end":{"line":155,"column":null}},"57":{"start":{"line":159,"column":6},"end":{"line":159,"column":null}},"58":{"start":{"line":163,"column":19},"end":{"line":163,"column":48}},"59":{"start":{"line":164,"column":23},"end":{"line":164,"column":53}},"60":{"start":{"line":166,"column":27},"end":{"line":166,"column":null}},"61":{"start":{"line":168,"column":2},"end":{"line":168,"column":null}},"62":{"start":{"line":168,"column":13},"end":{"line":168,"column":null}},"63":{"start":{"line":170,"column":2},"end":{"line":384,"column":null}},"64":{"start":{"line":196,"column":31},"end":{"line":196,"column":64}},"65":{"start":{"line":197,"column":29},"end":{"line":197,"column":null}},"66":{"start":{"line":198,"column":16},"end":{"line":217,"column":null}},"67":{"start":{"line":201,"column":35},"end":{"line":201,"column":56}},"68":{"start":{"line":252,"column":36},"end":{"line":252,"column":null}},"69":{"start":{"line":253,"column":38},"end":{"line":253,"column":null}},"70":{"start":{"line":255,"column":18},"end":{"line":271,"column":null}},"71":{"start":{"line":258,"column":39},"end":{"line":258,"column":57}},"72":{"start":{"line":284,"column":33},"end":{"line":284,"column":null}},"73":{"start":{"line":293,"column":27},"end":{"line":293,"column":59}},"74":{"start":{"line":302,"column":29},"end":{"line":302,"column":49}},"75":{"start":{"line":312,"column":16},"end":{"line":314,"column":null}},"76":{"start":{"line":325,"column":14},"end":{"line":325,"column":null}},"77":{"start":{"line":333,"column":14},"end":{"line":333,"column":null}},"78":{"start":{"line":341,"column":14},"end":{"line":341,"column":null}},"79":{"start":{"line":349,"column":14},"end":{"line":349,"column":null}},"80":{"start":{"line":357,"column":14},"end":{"line":357,"column":60}},"81":{"start":{"line":375,"column":29},"end":{"line":375,"column":54}}},"fnMap":{"0":{"name":"buildTimeline","decl":{"start":{"line":20,"column":9},"end":{"line":20,"column":23}},"loc":{"start":{"line":20,"column":49},"end":{"line":21,"column":null}},"line":20},"1":{"name":"formatStage","decl":{"start":{"line":24,"column":9},"end":{"line":24,"column":21}},"loc":{"start":{"line":24,"column":36},"end":{"line":36,"column":null}},"line":24},"2":{"name":"ApplicationDetails","decl":{"start":{"line":39,"column":24},"end":{"line":39,"column":45}},"loc":{"start":{"line":39,"column":45},"end":{"line":384,"column":null}},"line":39},"3":{"name":"(anonymous_3)","decl":{"start":{"line":55,"column":2},"end":{"line":55,"column":18}},"loc":{"start":{"line":55,"column":18},"end":{"line":57,"column":7}},"line":55},"4":{"name":"(anonymous_4)","decl":{"start":{"line":66,"column":2},"end":{"line":66,"column":18}},"loc":{"start":{"line":66,"column":18},"end":{"line":78,"column":6}},"line":66},"5":{"name":"(anonymous_5)","decl":{"start":{"line":71,"column":4},"end":{"line":71,"column":15}},"loc":{"start":{"line":72,"column":6},"end":{"line":75,"column":null}},"line":72},"6":{"name":"(anonymous_6)","decl":{"start":{"line":72,"column":11},"end":{"line":72,"column":15}},"loc":{"start":{"line":73,"column":8},"end":{"line":75,"column":null}},"line":73},"7":{"name":"load","decl":{"start":{"line":80,"column":17},"end":{"line":80,"column":24}},"loc":{"start":{"line":80,"column":24},"end":{"line":96,"column":null}},"line":80},"8":{"name":"handleSave","decl":{"start":{"line":100,"column":17},"end":{"line":100,"column":30}},"loc":{"start":{"line":100,"column":30},"end":{"line":123,"column":null}},"line":100},"9":{"name":"(anonymous_9)","decl":{"start":{"line":118,"column":6},"end":{"line":118,"column":23}},"loc":{"start":{"line":118,"column":23},"end":{"line":120,"column":14}},"line":118},"10":{"name":"toggleStage","decl":{"start":{"line":127,"column":11},"end":{"line":127,"column":23}},"loc":{"start":{"line":127,"column":40},"end":{"line":133,"column":null}},"line":127},"11":{"name":"(anonymous_11)","decl":{"start":{"line":128,"column":4},"end":{"line":128,"column":22}},"loc":{"start":{"line":128,"column":30},"end":{"line":133,"column":null}},"line":128},"12":{"name":"(anonymous_12)","decl":{"start":{"line":130,"column":20},"end":{"line":130,"column":27}},"loc":{"start":{"line":130,"column":32},"end":{"line":130,"column":46}},"line":130},"13":{"name":"changeStage","decl":{"start":{"line":136,"column":11},"end":{"line":136,"column":23}},"loc":{"start":{"line":136,"column":38},"end":{"line":160,"column":null}},"line":136},"14":{"name":"(anonymous_14)","decl":{"start":{"line":148,"column":4},"end":{"line":148,"column":15}},"loc":{"start":{"line":148,"column":23},"end":{"line":160,"column":null}},"line":148},"15":{"name":"(anonymous_15)","decl":{"start":{"line":149,"column":33},"end":{"line":149,"column":43}},"loc":{"start":{"line":149,"column":48},"end":{"line":149,"column":66}},"line":149},"16":{"name":"(anonymous_16)","decl":{"start":{"line":152,"column":48},"end":{"line":152,"column":53}},"loc":{"start":{"line":153,"column":10},"end":{"line":155,"column":null}},"line":153},"17":{"name":"(anonymous_17)","decl":{"start":{"line":195,"column":26},"end":{"line":195,"column":30}},"loc":{"start":{"line":195,"column":39},"end":{"line":217,"column":null}},"line":195},"18":{"name":"(anonymous_18)","decl":{"start":{"line":201,"column":20},"end":{"line":201,"column":35}},"loc":{"start":{"line":201,"column":35},"end":{"line":201,"column":56}},"line":201},"19":{"name":"(anonymous_19)","decl":{"start":{"line":251,"column":26},"end":{"line":251,"column":31}},"loc":{"start":{"line":251,"column":48},"end":{"line":271,"column":null}},"line":251},"20":{"name":"(anonymous_20)","decl":{"start":{"line":258,"column":24},"end":{"line":258,"column":39}},"loc":{"start":{"line":258,"column":39},"end":{"line":258,"column":57}},"line":258},"21":{"name":"(anonymous_21)","decl":{"start":{"line":284,"column":16},"end":{"line":284,"column":27}},"loc":{"start":{"line":284,"column":33},"end":{"line":284,"column":null}},"line":284},"22":{"name":"(anonymous_22)","decl":{"start":{"line":293,"column":12},"end":{"line":293,"column":27}},"loc":{"start":{"line":293,"column":27},"end":{"line":293,"column":59}},"line":293},"23":{"name":"(anonymous_23)","decl":{"start":{"line":302,"column":14},"end":{"line":302,"column":29}},"loc":{"start":{"line":302,"column":29},"end":{"line":302,"column":49}},"line":302},"24":{"name":"(anonymous_24)","decl":{"start":{"line":311,"column":23},"end":{"line":311,"column":28}},"loc":{"start":{"line":312,"column":16},"end":{"line":314,"column":null}},"line":312},"25":{"name":"(anonymous_25)","decl":{"start":{"line":324,"column":12},"end":{"line":324,"column":23}},"loc":{"start":{"line":325,"column":14},"end":{"line":325,"column":null}},"line":325},"26":{"name":"(anonymous_26)","decl":{"start":{"line":332,"column":12},"end":{"line":332,"column":23}},"loc":{"start":{"line":333,"column":14},"end":{"line":333,"column":null}},"line":333},"27":{"name":"(anonymous_27)","decl":{"start":{"line":340,"column":12},"end":{"line":340,"column":23}},"loc":{"start":{"line":341,"column":14},"end":{"line":341,"column":null}},"line":341},"28":{"name":"(anonymous_28)","decl":{"start":{"line":348,"column":12},"end":{"line":348,"column":23}},"loc":{"start":{"line":349,"column":14},"end":{"line":349,"column":null}},"line":349},"29":{"name":"(anonymous_29)","decl":{"start":{"line":356,"column":12},"end":{"line":356,"column":23}},"loc":{"start":{"line":357,"column":14},"end":{"line":357,"column":60}},"line":357},"30":{"name":"(anonymous_30)","decl":{"start":{"line":375,"column":14},"end":{"line":375,"column":29}},"loc":{"start":{"line":375,"column":29},"end":{"line":375,"column":54}},"line":375}},"branchMap":{"0":{"loc":{"start":{"line":52,"column":4},"end":{"line":53,"column":35}},"type":"binary-expr","locations":[{"start":{"line":52,"column":4},"end":{"line":52,"column":33}},{"start":{"line":53,"column":4},"end":{"line":53,"column":35}}],"line":52},"1":{"loc":{"start":{"line":60,"column":8},"end":{"line":60,"column":null}},"type":"binary-expr","locations":[{"start":{"line":60,"column":8},"end":{"line":60,"column":14}},{"start":{"line":60,"column":14},"end":{"line":60,"column":null}}],"line":60},"2":{"loc":{"start":{"line":61,"column":17},"end":{"line":61,"column":null}},"type":"binary-expr","locations":[{"start":{"line":61,"column":17},"end":{"line":61,"column":34}},{"start":{"line":61,"column":34},"end":{"line":61,"column":null}}],"line":61},"3":{"loc":{"start":{"line":62,"column":10},"end":{"line":62,"column":62}},"type":"cond-expr","locations":[{"start":{"line":62,"column":26},"end":{"line":62,"column":49}},{"start":{"line":62,"column":52},"end":{"line":62,"column":62}}],"line":62},"4":{"loc":{"start":{"line":67,"column":4},"end":{"line":67,"column":null}},"type":"if","locations":[{"start":{"line":67,"column":4},"end":{"line":67,"column":null}},{"start":{},"end":{}}],"line":67},"5":{"loc":{"start":{"line":73,"column":8},"end":{"line":75,"column":null}},"type":"cond-expr","locations":[{"start":{"line":74,"column":12},"end":{"line":74,"column":null}},{"start":{"line":75,"column":12},"end":{"line":75,"column":null}}],"line":73},"6":{"loc":{"start":{"line":73,"column":8},"end":{"line":73,"column":null}},"type":"binary-expr","locations":[{"start":{"line":73,"column":8},"end":{"line":73,"column":40}},{"start":{"line":73,"column":40},"end":{"line":73,"column":null}}],"line":73},"7":{"loc":{"start":{"line":86,"column":24},"end":{"line":86,"column":45}},"type":"binary-expr","locations":[{"start":{"line":86,"column":24},"end":{"line":86,"column":43}},{"start":{"line":86,"column":43},"end":{"line":86,"column":45}}],"line":86},"8":{"loc":{"start":{"line":87,"column":22},"end":{"line":87,"column":57}},"type":"binary-expr","locations":[{"start":{"line":87,"column":22},"end":{"line":87,"column":47}},{"start":{"line":87,"column":47},"end":{"line":87,"column":57}}],"line":87},"9":{"loc":{"start":{"line":88,"column":17},"end":{"line":88,"column":39}},"type":"binary-expr","locations":[{"start":{"line":88,"column":17},"end":{"line":88,"column":37}},{"start":{"line":88,"column":37},"end":{"line":88,"column":39}}],"line":88},"10":{"loc":{"start":{"line":89,"column":6},"end":{"line":93,"column":null}},"type":"if","locations":[{"start":{"line":89,"column":6},"end":{"line":93,"column":null}},{"start":{},"end":{}}],"line":89},"11":{"loc":{"start":{"line":107,"column":23},"end":{"line":109,"column":null}},"type":"cond-expr","locations":[{"start":{"line":108,"column":12},"end":{"line":108,"column":49}},{"start":{"line":109,"column":12},"end":{"line":109,"column":null}}],"line":107},"12":{"loc":{"start":{"line":129,"column":6},"end":{"line":130,"column":null}},"type":"if","locations":[{"start":{"line":129,"column":6},"end":{"line":130,"column":null}},{"start":{},"end":{}}],"line":129},"13":{"loc":{"start":{"line":140,"column":6},"end":{"line":141,"column":null}},"type":"binary-expr","locations":[{"start":{"line":140,"column":6},"end":{"line":140,"column":null}},{"start":{"line":141,"column":6},"end":{"line":141,"column":null}}],"line":140},"14":{"loc":{"start":{"line":144,"column":6},"end":{"line":146,"column":34}},"type":"cond-expr","locations":[{"start":{"line":145,"column":10},"end":{"line":145,"column":47}},{"start":{"line":146,"column":10},"end":{"line":146,"column":34}}],"line":144},"15":{"loc":{"start":{"line":144,"column":6},"end":{"line":144,"column":null}},"type":"binary-expr","locations":[{"start":{"line":144,"column":6},"end":{"line":144,"column":21}},{"start":{"line":144,"column":21},"end":{"line":144,"column":null}}],"line":144},"16":{"loc":{"start":{"line":151,"column":6},"end":{"line":156,"column":null}},"type":"if","locations":[{"start":{"line":151,"column":6},"end":{"line":156,"column":null}},{"start":{},"end":{}}],"line":151},"17":{"loc":{"start":{"line":153,"column":10},"end":{"line":155,"column":null}},"type":"cond-expr","locations":[{"start":{"line":154,"column":14},"end":{"line":154,"column":null}},{"start":{"line":155,"column":14},"end":{"line":155,"column":null}}],"line":153},"18":{"loc":{"start":{"line":166,"column":27},"end":{"line":166,"column":null}},"type":"binary-expr","locations":[{"start":{"line":166,"column":27},"end":{"line":166,"column":69}},{"start":{"line":166,"column":69},"end":{"line":166,"column":null}}],"line":166},"19":{"loc":{"start":{"line":168,"column":2},"end":{"line":168,"column":null}},"type":"if","locations":[{"start":{"line":168,"column":2},"end":{"line":168,"column":null}},{"start":{},"end":{}}],"line":168},"20":{"loc":{"start":{"line":209,"column":34},"end":{"line":209,"column":null}},"type":"cond-expr","locations":[{"start":{"line":209,"column":43},"end":{"line":209,"column":55}},{"start":{"line":209,"column":55},"end":{"line":209,"column":null}}],"line":209},"21":{"loc":{"start":{"line":210,"column":29},"end":{"line":210,"column":null}},"type":"cond-expr","locations":[{"start":{"line":210,"column":38},"end":{"line":210,"column":47}},{"start":{"line":210,"column":47},"end":{"line":210,"column":null}}],"line":210},"22":{"loc":{"start":{"line":264,"column":38},"end":{"line":264,"column":null}},"type":"cond-expr","locations":[{"start":{"line":264,"column":50},"end":{"line":264,"column":62}},{"start":{"line":264,"column":62},"end":{"line":264,"column":null}}],"line":264},"23":{"loc":{"start":{"line":264,"column":62},"end":{"line":264,"column":null}},"type":"cond-expr","locations":[{"start":{"line":264,"column":76},"end":{"line":264,"column":88}},{"start":{"line":264,"column":88},"end":{"line":264,"column":null}}],"line":264},"24":{"loc":{"start":{"line":278,"column":11},"end":{"line":285,"column":null}},"type":"binary-expr","locations":[{"start":{"line":278,"column":11},"end":{"line":278,"column":null}},{"start":{"line":279,"column":12},"end":{"line":285,"column":null}}],"line":278},"25":{"loc":{"start":{"line":289,"column":11},"end":{"line":295,"column":null}},"type":"binary-expr","locations":[{"start":{"line":289,"column":11},"end":{"line":289,"column":31}},{"start":{"line":289,"column":31},"end":{"line":289,"column":null}},{"start":{"line":290,"column":10},"end":{"line":295,"column":null}}],"line":289},"26":{"loc":{"start":{"line":299,"column":11},"end":{"line":306,"column":null}},"type":"binary-expr","locations":[{"start":{"line":299,"column":11},"end":{"line":299,"column":null}},{"start":{"line":300,"column":12},"end":{"line":306,"column":null}}],"line":299},"27":{"loc":{"start":{"line":323,"column":19},"end":{"line":323,"column":null}},"type":"binary-expr","locations":[{"start":{"line":323,"column":19},"end":{"line":323,"column":35}},{"start":{"line":323,"column":35},"end":{"line":323,"column":null}}],"line":323},"28":{"loc":{"start":{"line":331,"column":19},"end":{"line":331,"column":null}},"type":"binary-expr","locations":[{"start":{"line":331,"column":19},"end":{"line":331,"column":36}},{"start":{"line":331,"column":36},"end":{"line":331,"column":null}}],"line":331},"29":{"loc":{"start":{"line":339,"column":19},"end":{"line":339,"column":null}},"type":"binary-expr","locations":[{"start":{"line":339,"column":19},"end":{"line":339,"column":32}},{"start":{"line":339,"column":32},"end":{"line":339,"column":null}}],"line":339},"30":{"loc":{"start":{"line":347,"column":19},"end":{"line":347,"column":null}},"type":"binary-expr","locations":[{"start":{"line":347,"column":19},"end":{"line":347,"column":34}},{"start":{"line":347,"column":34},"end":{"line":347,"column":null}}],"line":347},"31":{"loc":{"start":{"line":355,"column":19},"end":{"line":355,"column":null}},"type":"binary-expr","locations":[{"start":{"line":355,"column":19},"end":{"line":355,"column":36}},{"start":{"line":355,"column":36},"end":{"line":355,"column":null}}],"line":355},"32":{"loc":{"start":{"line":366,"column":11},"end":{"line":366,"column":null}},"type":"binary-expr","locations":[{"start":{"line":366,"column":11},"end":{"line":366,"column":20}},{"start":{"line":366,"column":20},"end":{"line":366,"column":null}}],"line":366}},"s":{"0":0,"1":0,"2":0,"3":0,"4":0,"5":0,"6":0,"7":0,"8":0,"9":0,"10":0,"11":0,"12":0,"13":0,"14":0,"15":0,"16":0,"17":0,"18":0,"19":0,"20":0,"21":0,"22":0,"23":0,"24":0,"25":0,"26":0,"27":0,"28":0,"29":0,"30":0,"31":0,"32":0,"33":0,"34":0,"35":0,"36":0,"37":0,"38":0,"39":0,"40":0,"41":0,"42":0,"43":0,"44":0,"45":0,"46":0,"47":0,"48":0,"49":0,"50":0,"51":0,"52":0,"53":0,"54":0,"55":0,"56":0,"57":0,"58":0,"59":0,"60":0,"61":0,"62":0,"63":0,"64":0,"65":0,"66":0,"67":0,"68":0,"69":0,"70":0,"71":0,"72":0,"73":0,"74":0,"75":0,"76":0,"77":0,"78":0,"79":0,"80":0,"81":0},"f":{"0":0,"1":0,"2":0,"3":0,"4":0,"5":0,"6":0,"7":0,"8":0,"9":0,"10":0,"11":0,"12":0,"13":0,"14":0,"15":0,"16":0,"17":0,"18":0,"19":0,"20":0,"21":0,"22":0,"23":0,"24":0,"25":0,"26":0,"27":0,"28":0,"29":0,"30":0},"b":{"0":[0,0],"1":[0,0],"2":[0,0],"3":[0,0],"4":[0,0],"5":[0,0],"6":[0,0],"7":[0,0],"8":[0,0],"9":[0,0],"10":[0,0],"11":[0,0],"12":[0,0],"13":[0,0],"14":[0,0],"15":[0,0],"16":[0,0],"17":[0,0],"18":[0,0],"19":[0,0],"20":[0,0],"21":[0,0],"22":[0,0],"23":[0,0],"24":[0,0],"25":[0,0,0],"26":[0,0],"27":[0,0],"28":[0,0],"29":[0,0],"30":[0,0],"31":[0,0],"32":[0,0]},"meta":{"lastBranch":33,"lastFunction":31,"lastStatement":82,"seen":{"s:9:19:17:Infinity":0,"f:20:9:20:23":0,"s:21:2:21:Infinity":1,"f:24:9:24:21":1,"s:25:38:35:Infinity":2,"s:36:2:36:Infinity":3,"f:39:24:39:45":2,"s:40:10:40:28":4,"s:41:8:41:32":5,"s:43:15:43:45":6,"s:44:16:44:43":7,"s:45:25:45:68":8,"s:46:23:46:69":9,"s:47:18:47:51":10,"s:48:24:48:64":11,"s:49:22:49:69":12,"s:52:4:53:35":13,"b:52:4:52:33:53:4:53:35":0,"s:55:2:57:Infinity":14,"f:55:2:55:18":3,"s:56:4:56:Infinity":15,"s:59:24:64:Infinity":16,"b:60:8:60:14:60:14:60:Infinity":1,"b:61:17:61:34:61:34:61:Infinity":2,"b:62:26:62:49:62:52:62:62":3,"s:66:2:78:Infinity":17,"f:66:2:66:18":4,"b:67:4:67:Infinity:undefined:undefined:undefined:undefined":4,"s:67:4:67:Infinity":18,"s:67:24:67:Infinity":19,"s:69:16:69:53":20,"s:71:4:77:Infinity":21,"f:71:4:71:15":5,"s:72:6:75:Infinity":22,"f:72:11:72:15":6,"s:73:8:75:Infinity":23,"b:74:12:74:Infinity:75:12:75:Infinity":5,"b:73:8:73:40:73:40:73:Infinity":6,"f:80:17:80:24":7,"s:81:4:96:Infinity":24,"s:82:18:84:8":25,"s:85:6:85:Infinity":26,"s:86:6:86:Infinity":27,"b:86:24:86:43:86:43:86:45":7,"s:87:6:87:Infinity":28,"b:87:22:87:47:87:47:87:57":8,"s:88:6:88:Infinity":29,"b:88:17:88:37:88:37:88:39":9,"b:89:6:93:Infinity:undefined:undefined:undefined:undefined":10,"s:89:6:93:Infinity":30,"s:90:21:90:53":31,"s:91:23:91:47":32,"s:92:8:92:Infinity":33,"s:93:8:93:Infinity":34,"s:96:6:96:Infinity":35,"f:100:17:100:30":8,"s:101:4:123:Infinity":36,"s:102:22:110:Infinity":37,"b:108:12:108:49:109:12:109:Infinity":11,"s:112:6:114:Infinity":38,"s:116:6:116:Infinity":39,"s:118:6:120:Infinity":40,"f:118:6:118:23":9,"s:119:8:119:Infinity":41,"s:123:6:123:Infinity":42,"f:127:11:127:23":10,"s:128:4:133:Infinity":43,"f:128:4:128:22":11,"b:129:6:130:Infinity:undefined:undefined:undefined:undefined":12,"s:129:6:130:Infinity":44,"s:130:8:130:Infinity":45,"f:130:20:130:27":12,"s:130:32:130:46":46,"s:132:6:132:Infinity":47,"f:136:11:136:23":13,"s:137:4:137:Infinity":48,"s:140:6:141:Infinity":49,"b:140:6:140:Infinity:141:6:141:Infinity":13,"s:144:6:146:34":50,"b:145:10:145:47:146:10:146:34":14,"b:144:6:144:21:144:21:144:Infinity":15,"s:148:4:160:Infinity":51,"f:148:4:148:15":14,"s:149:28:149:66":52,"f:149:33:149:43":15,"s:149:48:149:66":53,"b:151:6:156:Infinity:undefined:undefined:undefined:undefined":16,"s:151:6:156:Infinity":54,"s:152:8:156:Infinity":55,"f:152:48:152:53":16,"s:153:10:155:Infinity":56,"b:154:14:154:Infinity:155:14:155:Infinity":17,"s:159:6:159:Infinity":57,"s:163:19:163:48":58,"s:164:23:164:53":59,"s:166:27:166:Infinity":60,"b:166:27:166:69:166:69:166:Infinity":18,"b:168:2:168:Infinity:undefined:undefined:undefined:undefined":19,"s:168:2:168:Infinity":61,"s:168:13:168:Infinity":62,"s:170:2:384:Infinity":63,"f:195:26:195:30":17,"s:196:31:196:64":64,"s:197:29:197:Infinity":65,"s:198:16:217:Infinity":66,"f:201:20:201:35":18,"s:201:35:201:56":67,"b:209:43:209:55:209:55:209:Infinity":20,"b:210:38:210:47:210:47:210:Infinity":21,"f:251:26:251:31":19,"s:252:36:252:Infinity":68,"s:253:38:253:Infinity":69,"s:255:18:271:Infinity":70,"f:258:24:258:39":20,"s:258:39:258:57":71,"b:264:50:264:62:264:62:264:Infinity":22,"b:264:76:264:88:264:88:264:Infinity":23,"b:278:11:278:Infinity:279:12:285:Infinity":24,"f:284:16:284:27":21,"s:284:33:284:Infinity":72,"b:289:11:289:31:289:31:289:Infinity:290:10:295:Infinity":25,"f:293:12:293:27":22,"s:293:27:293:59":73,"b:299:11:299:Infinity:300:12:306:Infinity":26,"f:302:14:302:29":23,"s:302:29:302:49":74,"f:311:23:311:28":24,"s:312:16:314:Infinity":75,"b:323:19:323:35:323:35:323:Infinity":27,"f:324:12:324:23":25,"s:325:14:325:Infinity":76,"b:331:19:331:36:331:36:331:Infinity":28,"f:332:12:332:23":26,"s:333:14:333:Infinity":77,"b:339:19:339:32:339:32:339:Infinity":29,"f:340:12:340:23":27,"s:341:14:341:Infinity":78,"b:347:19:347:34:347:34:347:Infinity":30,"f:348:12:348:23":28,"s:349:14:349:Infinity":79,"b:355:19:355:36:355:36:355:Infinity":31,"f:356:12:356:23":29,"s:357:14:357:60":80,"b:366:11:366:20:366:20:366:Infinity":32,"f:375:14:375:29":30,"s:375:29:375:54":81}}}
,"/Users/marcelodantas/Documents/GitHub/Job-Application-Tracker-Frontend/src/pages/Applications.tsx": {"path":"/Users/marcelodantas/Documents/GitHub/Job-Application-Tracker-Frontend/src/pages/Applications.tsx","statementMap":{"0":{"start":{"line":39,"column":14},"end":{"line":39,"column":null}},"1":{"start":{"line":41,"column":31},"end":{"line":47,"column":null}},"2":{"start":{"line":51,"column":15},"end":{"line":51,"column":53}},"3":{"start":{"line":52,"column":18},"end":{"line":52,"column":46}},"4":{"start":{"line":54,"column":20},"end":{"line":54,"column":51}},"5":{"start":{"line":55,"column":18},"end":{"line":55,"column":66}},"6":{"start":{"line":56,"column":8},"end":{"line":56,"column":50}},"7":{"start":{"line":58,"column":15},"end":{"line":58,"column":58}},"8":{"start":{"line":60,"column":20},"end":{"line":60,"column":68}},"9":{"start":{"line":62,"column":18},"end":{"line":67,"column":4}},"10":{"start":{"line":69,"column":17},"end":{"line":69,"column":42}},"11":{"start":{"line":70,"column":22},"end":{"line":70,"column":55}},"12":{"start":{"line":71,"column":19},"end":{"line":71,"column":49}},"13":{"start":{"line":73,"column":19},"end":{"line":73,"column":63}},"14":{"start":{"line":75,"column":8},"end":{"line":75,"column":32}},"15":{"start":{"line":78,"column":4},"end":{"line":79,"column":35}},"16":{"start":{"line":82,"column":4},"end":{"line":90,"column":null}},"17":{"start":{"line":83,"column":18},"end":{"line":85,"column":8}},"18":{"start":{"line":86,"column":6},"end":{"line":86,"column":null}},"19":{"start":{"line":88,"column":6},"end":{"line":88,"column":null}},"20":{"start":{"line":90,"column":6},"end":{"line":90,"column":null}},"21":{"start":{"line":94,"column":2},"end":{"line":96,"column":null}},"22":{"start":{"line":95,"column":4},"end":{"line":95,"column":null}},"23":{"start":{"line":99,"column":4},"end":{"line":113,"column":null}},"24":{"start":{"line":100,"column":6},"end":{"line":107,"column":null}},"25":{"start":{"line":101,"column":8},"end":{"line":103,"column":null}},"26":{"start":{"line":105,"column":8},"end":{"line":107,"column":null}},"27":{"start":{"line":110,"column":6},"end":{"line":110,"column":null}},"28":{"start":{"line":111,"column":6},"end":{"line":111,"column":null}},"29":{"start":{"line":113,"column":6},"end":{"line":113,"column":null}},"30":{"start":{"line":118,"column":2},"end":{"line":120,"column":null}},"31":{"start":{"line":122,"column":2},"end":{"line":122,"column":null}},"32":{"start":{"line":126,"column":4},"end":{"line":126,"column":null}},"33":{"start":{"line":130,"column":4},"end":{"line":130,"column":null}},"34":{"start":{"line":130,"column":19},"end":{"line":130,"column":null}},"35":{"start":{"line":132,"column":4},"end":{"line":134,"column":null}},"36":{"start":{"line":136,"column":4},"end":{"line":136,"column":null}},"37":{"start":{"line":137,"column":4},"end":{"line":137,"column":null}},"38":{"start":{"line":141,"column":4},"end":{"line":141,"column":null}},"39":{"start":{"line":143,"column":4},"end":{"line":151,"column":null}},"40":{"start":{"line":153,"column":4},"end":{"line":153,"column":null}},"41":{"start":{"line":157,"column":2},"end":{"line":157,"column":null}},"42":{"start":{"line":158,"column":2},"end":{"line":158,"column":null}},"43":{"start":{"line":162,"column":2},"end":{"line":162,"column":null}},"44":{"start":{"line":163,"column":2},"end":{"line":163,"column":null}},"45":{"start":{"line":164,"column":2},"end":{"line":164,"column":null}},"46":{"start":{"line":167,"column":21},"end":{"line":171,"column":null}},"47":{"start":{"line":168,"column":18},"end":{"line":168,"column":51}},"48":{"start":{"line":169,"column":18},"end":{"line":169,"column":51}},"49":{"start":{"line":170,"column":4},"end":{"line":170,"column":null}},"50":{"start":{"line":173,"column":23},"end":{"line":188,"column":null}},"51":{"start":{"line":174,"column":14},"end":{"line":174,"column":34}},"52":{"start":{"line":176,"column":6},"end":{"line":179,"column":42}},"53":{"start":{"line":181,"column":4},"end":{"line":186,"column":null}},"54":{"start":{"line":191,"column":19},"end":{"line":191,"column":null}},"55":{"start":{"line":192,"column":4},"end":{"line":192,"column":null}},"56":{"start":{"line":195,"column":29},"end":{"line":195,"column":85}},"57":{"start":{"line":195,"column":57},"end":{"line":195,"column":67}},"58":{"start":{"line":196,"column":30},"end":{"line":196,"column":87}},"59":{"start":{"line":196,"column":58},"end":{"line":196,"column":69}},"60":{"start":{"line":197,"column":30},"end":{"line":197,"column":87}},"61":{"start":{"line":197,"column":58},"end":{"line":197,"column":69}},"62":{"start":{"line":200,"column":4},"end":{"line":214,"column":null}},"63":{"start":{"line":202,"column":8},"end":{"line":202,"column":null}},"64":{"start":{"line":204,"column":8},"end":{"line":204,"column":null}},"65":{"start":{"line":206,"column":8},"end":{"line":206,"column":null}},"66":{"start":{"line":208,"column":8},"end":{"line":208,"column":null}},"67":{"start":{"line":210,"column":8},"end":{"line":210,"column":null}},"68":{"start":{"line":212,"column":8},"end":{"line":212,"column":null}},"69":{"start":{"line":214,"column":8},"end":{"line":214,"column":null}},"70":{"start":{"line":218,"column":2},"end":{"line":591,"column":null}},"71":{"start":{"line":233,"column":33},"end":{"line":233,"column":null}},"72":{"start":{"line":240,"column":29},"end":{"line":240,"column":54}},"73":{"start":{"line":240,"column":51},"end":{"line":240,"column":54}},"74":{"start":{"line":249,"column":29},"end":{"line":249,"column":51}},"75":{"start":{"line":249,"column":48},"end":{"line":249,"column":51}},"76":{"start":{"line":289,"column":20},"end":{"line":289,"column":null}},"77":{"start":{"line":297,"column":20},"end":{"line":297,"column":null}},"78":{"start":{"line":305,"column":20},"end":{"line":305,"column":null}},"79":{"start":{"line":312,"column":20},"end":{"line":312,"column":70}},"80":{"start":{"line":342,"column":35},"end":{"line":342,"column":81}},"81":{"start":{"line":384,"column":20},"end":{"line":457,"column":null}},"82":{"start":{"line":386,"column":37},"end":{"line":386,"column":72}},"83":{"start":{"line":396,"column":28},"end":{"line":399,"column":null}},"84":{"start":{"line":431,"column":41},"end":{"line":431,"column":56}},"85":{"start":{"line":440,"column":41},"end":{"line":440,"column":61}},"86":{"start":{"line":450,"column":28},"end":{"line":450,"column":null}},"87":{"start":{"line":451,"column":28},"end":{"line":451,"column":null}},"88":{"start":{"line":487,"column":39},"end":{"line":487,"column":75}},"89":{"start":{"line":494,"column":39},"end":{"line":494,"column":76}},"90":{"start":{"line":501,"column":39},"end":{"line":501,"column":76}},"91":{"start":{"line":507,"column":35},"end":{"line":507,"column":79}},"92":{"start":{"line":523,"column":22},"end":{"line":523,"column":null}},"93":{"start":{"line":581,"column":35},"end":{"line":581,"column":52}}},"fnMap":{"0":{"name":"Applications","decl":{"start":{"line":50,"column":24},"end":{"line":50,"column":39}},"loc":{"start":{"line":50,"column":39},"end":{"line":591,"column":null}},"line":50},"1":{"name":"loadApps","decl":{"start":{"line":81,"column":17},"end":{"line":81,"column":28}},"loc":{"start":{"line":81,"column":28},"end":{"line":90,"column":null}},"line":81},"2":{"name":"(anonymous_2)","decl":{"start":{"line":94,"column":2},"end":{"line":94,"column":18}},"loc":{"start":{"line":94,"column":18},"end":{"line":96,"column":7}},"line":94},"3":{"name":"handleSubmit","decl":{"start":{"line":98,"column":17},"end":{"line":98,"column":32}},"loc":{"start":{"line":98,"column":32},"end":{"line":113,"column":null}},"line":98},"4":{"name":"handleArchive","decl":{"start":{"line":117,"column":15},"end":{"line":117,"column":29}},"loc":{"start":{"line":117,"column":41},"end":{"line":122,"column":null}},"line":117},"5":{"name":"handleDelete","decl":{"start":{"line":125,"column":15},"end":{"line":125,"column":28}},"loc":{"start":{"line":125,"column":40},"end":{"line":126,"column":null}},"line":125},"6":{"name":"confirmDelete","decl":{"start":{"line":129,"column":17},"end":{"line":129,"column":33}},"loc":{"start":{"line":129,"column":33},"end":{"line":137,"column":null}},"line":129},"7":{"name":"handleEdit","decl":{"start":{"line":140,"column":9},"end":{"line":140,"column":20}},"loc":{"start":{"line":140,"column":38},"end":{"line":153,"column":null}},"line":140},"8":{"name":"openCreateModal","decl":{"start":{"line":156,"column":11},"end":{"line":156,"column":29}},"loc":{"start":{"line":156,"column":29},"end":{"line":158,"column":null}},"line":156},"9":{"name":"closeModal","decl":{"start":{"line":161,"column":9},"end":{"line":161,"column":22}},"loc":{"start":{"line":161,"column":22},"end":{"line":164,"column":null}},"line":161},"10":{"name":"(anonymous_10)","decl":{"start":{"line":167,"column":31},"end":{"line":167,"column":37}},"loc":{"start":{"line":167,"column":46},"end":{"line":171,"column":null}},"line":167},"11":{"name":"(anonymous_11)","decl":{"start":{"line":173,"column":34},"end":{"line":173,"column":42}},"loc":{"start":{"line":173,"column":50},"end":{"line":188,"column":null}},"line":173},"12":{"name":"getStageIndex","decl":{"start":{"line":190,"column":11},"end":{"line":190,"column":25}},"loc":{"start":{"line":190,"column":41},"end":{"line":192,"column":null}},"line":190},"13":{"name":"(anonymous_13)","decl":{"start":{"line":195,"column":46},"end":{"line":195,"column":51}},"loc":{"start":{"line":195,"column":57},"end":{"line":195,"column":67}},"line":195},"14":{"name":"(anonymous_14)","decl":{"start":{"line":196,"column":47},"end":{"line":196,"column":52}},"loc":{"start":{"line":196,"column":58},"end":{"line":196,"column":69}},"line":196},"15":{"name":"(anonymous_15)","decl":{"start":{"line":197,"column":47},"end":{"line":197,"column":52}},"loc":{"start":{"line":197,"column":58},"end":{"line":197,"column":69}},"line":197},"16":{"name":"getStatusIcon","decl":{"start":{"line":199,"column":11},"end":{"line":199,"column":25}},"loc":{"start":{"line":199,"column":41},"end":{"line":214,"column":null}},"line":199},"17":{"name":"(anonymous_17)","decl":{"start":{"line":233,"column":16},"end":{"line":233,"column":27}},"loc":{"start":{"line":233,"column":33},"end":{"line":233,"column":null}},"line":233},"18":{"name":"(anonymous_18)","decl":{"start":{"line":240,"column":14},"end":{"line":240,"column":29}},"loc":{"start":{"line":240,"column":29},"end":{"line":240,"column":54}},"line":240},"19":{"name":"(anonymous_19)","decl":{"start":{"line":240,"column":29},"end":{"line":240,"column":45}},"loc":{"start":{"line":240,"column":51},"end":{"line":240,"column":54}},"line":240},"20":{"name":"(anonymous_20)","decl":{"start":{"line":249,"column":14},"end":{"line":249,"column":29}},"loc":{"start":{"line":249,"column":29},"end":{"line":249,"column":51}},"line":249},"21":{"name":"(anonymous_21)","decl":{"start":{"line":249,"column":29},"end":{"line":249,"column":42}},"loc":{"start":{"line":249,"column":48},"end":{"line":249,"column":51}},"line":249},"22":{"name":"(anonymous_22)","decl":{"start":{"line":288,"column":18},"end":{"line":288,"column":29}},"loc":{"start":{"line":289,"column":20},"end":{"line":289,"column":null}},"line":289},"23":{"name":"(anonymous_23)","decl":{"start":{"line":296,"column":18},"end":{"line":296,"column":29}},"loc":{"start":{"line":297,"column":20},"end":{"line":297,"column":null}},"line":297},"24":{"name":"(anonymous_24)","decl":{"start":{"line":304,"column":18},"end":{"line":304,"column":29}},"loc":{"start":{"line":305,"column":20},"end":{"line":305,"column":null}},"line":305},"25":{"name":"(anonymous_25)","decl":{"start":{"line":311,"column":18},"end":{"line":311,"column":29}},"loc":{"start":{"line":312,"column":20},"end":{"line":312,"column":70}},"line":312},"26":{"name":"(anonymous_26)","decl":{"start":{"line":342,"column":18},"end":{"line":342,"column":29}},"loc":{"start":{"line":342,"column":35},"end":{"line":342,"column":81}},"line":342},"27":{"name":"(anonymous_27)","decl":{"start":{"line":383,"column":31},"end":{"line":383,"column":36}},"loc":{"start":{"line":384,"column":20},"end":{"line":457,"column":null}},"line":384},"28":{"name":"(anonymous_28)","decl":{"start":{"line":386,"column":22},"end":{"line":386,"column":37}},"loc":{"start":{"line":386,"column":37},"end":{"line":386,"column":72}},"line":386},"29":{"name":"(anonymous_29)","decl":{"start":{"line":395,"column":75},"end":{"line":395,"column":80}},"loc":{"start":{"line":396,"column":28},"end":{"line":399,"column":null}},"line":396},"30":{"name":"(anonymous_30)","decl":{"start":{"line":431,"column":26},"end":{"line":431,"column":41}},"loc":{"start":{"line":431,"column":41},"end":{"line":431,"column":56}},"line":431},"31":{"name":"(anonymous_31)","decl":{"start":{"line":440,"column":26},"end":{"line":440,"column":41}},"loc":{"start":{"line":440,"column":41},"end":{"line":440,"column":61}},"line":440},"32":{"name":"(anonymous_32)","decl":{"start":{"line":449,"column":26},"end":{"line":449,"column":36}},"loc":{"start":{"line":449,"column":42},"end":{"line":451,"column":null}},"line":449},"33":{"name":"(anonymous_33)","decl":{"start":{"line":487,"column":18},"end":{"line":487,"column":29}},"loc":{"start":{"line":487,"column":39},"end":{"line":487,"column":75}},"line":487},"34":{"name":"(anonymous_34)","decl":{"start":{"line":494,"column":18},"end":{"line":494,"column":29}},"loc":{"start":{"line":494,"column":39},"end":{"line":494,"column":76}},"line":494},"35":{"name":"(anonymous_35)","decl":{"start":{"line":501,"column":18},"end":{"line":501,"column":29}},"loc":{"start":{"line":501,"column":39},"end":{"line":501,"column":76}},"line":501},"36":{"name":"(anonymous_36)","decl":{"start":{"line":507,"column":18},"end":{"line":507,"column":29}},"loc":{"start":{"line":507,"column":35},"end":{"line":507,"column":79}},"line":507},"37":{"name":"(anonymous_37)","decl":{"start":{"line":522,"column":20},"end":{"line":522,"column":31}},"loc":{"start":{"line":523,"column":22},"end":{"line":523,"column":null}},"line":523},"38":{"name":"(anonymous_38)","decl":{"start":{"line":581,"column":20},"end":{"line":581,"column":35}},"loc":{"start":{"line":581,"column":35},"end":{"line":581,"column":52}},"line":581}},"branchMap":{"0":{"loc":{"start":{"line":78,"column":4},"end":{"line":79,"column":35}},"type":"binary-expr","locations":[{"start":{"line":78,"column":4},"end":{"line":78,"column":33}},{"start":{"line":79,"column":4},"end":{"line":79,"column":35}}],"line":78},"1":{"loc":{"start":{"line":100,"column":6},"end":{"line":107,"column":null}},"type":"if","locations":[{"start":{"line":100,"column":6},"end":{"line":107,"column":null}},{"start":{"line":104,"column":13},"end":{"line":107,"column":null}}],"line":100},"2":{"loc":{"start":{"line":130,"column":4},"end":{"line":130,"column":null}},"type":"if","locations":[{"start":{"line":130,"column":4},"end":{"line":130,"column":null}},{"start":{},"end":{}}],"line":130},"3":{"loc":{"start":{"line":148,"column":19},"end":{"line":150,"column":null}},"type":"cond-expr","locations":[{"start":{"line":149,"column":10},"end":{"line":149,"column":46}},{"start":{"line":150,"column":10},"end":{"line":150,"column":null}}],"line":148},"4":{"loc":{"start":{"line":170,"column":11},"end":{"line":170,"column":null}},"type":"cond-expr","locations":[{"start":{"line":170,"column":33},"end":{"line":170,"column":49}},{"start":{"line":170,"column":49},"end":{"line":170,"column":null}}],"line":170},"5":{"loc":{"start":{"line":176,"column":6},"end":{"line":179,"column":42}},"type":"binary-expr","locations":[{"start":{"line":176,"column":6},"end":{"line":176,"column":43}},{"start":{"line":177,"column":6},"end":{"line":177,"column":44}},{"start":{"line":178,"column":6},"end":{"line":178,"column":44}},{"start":{"line":179,"column":6},"end":{"line":179,"column":42}}],"line":176},"6":{"loc":{"start":{"line":182,"column":6},"end":{"line":186,"column":null}},"type":"binary-expr","locations":[{"start":{"line":182,"column":6},"end":{"line":182,"column":null}},{"start":{"line":183,"column":6},"end":{"line":183,"column":71}},{"start":{"line":184,"column":6},"end":{"line":184,"column":73}},{"start":{"line":185,"column":6},"end":{"line":185,"column":73}},{"start":{"line":186,"column":7},"end":{"line":186,"column":32}},{"start":{"line":186,"column":32},"end":{"line":186,"column":null}}],"line":182},"7":{"loc":{"start":{"line":200,"column":4},"end":{"line":214,"column":null}},"type":"switch","locations":[{"start":{"line":201,"column":6},"end":{"line":202,"column":null}},{"start":{"line":203,"column":6},"end":{"line":204,"column":null}},{"start":{"line":205,"column":6},"end":{"line":206,"column":null}},{"start":{"line":207,"column":6},"end":{"line":208,"column":null}},{"start":{"line":209,"column":6},"end":{"line":210,"column":null}},{"start":{"line":211,"column":6},"end":{"line":212,"column":null}},{"start":{"line":213,"column":6},"end":{"line":214,"column":null}}],"line":200},"8":{"loc":{"start":{"line":277,"column":13},"end":{"line":321,"column":null}},"type":"binary-expr","locations":[{"start":{"line":277,"column":13},"end":{"line":277,"column":null}},{"start":{"line":278,"column":14},"end":{"line":321,"column":null}}],"line":277},"9":{"loc":{"start":{"line":329,"column":13},"end":{"line":345,"column":null}},"type":"binary-expr","locations":[{"start":{"line":329,"column":13},"end":{"line":329,"column":null}},{"start":{"line":330,"column":14},"end":{"line":345,"column":null}}],"line":329},"10":{"loc":{"start":{"line":365,"column":17},"end":{"line":457,"column":null}},"type":"cond-expr","locations":[{"start":{"line":366,"column":18},"end":{"line":369,"column":33}},{"start":{"line":369,"column":20},"end":{"line":457,"column":null}}],"line":365},"11":{"loc":{"start":{"line":369,"column":20},"end":{"line":457,"column":null}},"type":"cond-expr","locations":[{"start":{"line":370,"column":18},"end":{"line":383,"column":31}},{"start":{"line":383,"column":18},"end":{"line":457,"column":null}}],"line":369},"12":{"loc":{"start":{"line":398,"column":48},"end":{"line":398,"column":null}},"type":"cond-expr","locations":[{"start":{"line":398,"column":81},"end":{"line":398,"column":92}},{"start":{"line":398,"column":92},"end":{"line":398,"column":null}}],"line":398},"13":{"loc":{"start":{"line":411,"column":28},"end":{"line":413,"column":47}},"type":"cond-expr","locations":[{"start":{"line":412,"column":32},"end":{"line":412,"column":48}},{"start":{"line":413,"column":32},"end":{"line":413,"column":47}}],"line":411},"14":{"loc":{"start":{"line":466,"column":11},"end":{"line":548,"column":null}},"type":"binary-expr","locations":[{"start":{"line":466,"column":11},"end":{"line":466,"column":null}},{"start":{"line":467,"column":12},"end":{"line":548,"column":null}}],"line":466},"15":{"loc":{"start":{"line":481,"column":23},"end":{"line":481,"column":77}},"type":"cond-expr","locations":[{"start":{"line":481,"column":33},"end":{"line":481,"column":54}},{"start":{"line":481,"column":54},"end":{"line":481,"column":77}}],"line":481},"16":{"loc":{"start":{"line":521,"column":27},"end":{"line":521,"column":null}},"type":"binary-expr","locations":[{"start":{"line":521,"column":27},"end":{"line":521,"column":47}},{"start":{"line":521,"column":47},"end":{"line":521,"column":null}}],"line":521},"17":{"loc":{"start":{"line":551,"column":11},"end":{"line":589,"column":null}},"type":"binary-expr","locations":[{"start":{"line":551,"column":11},"end":{"line":551,"column":null}},{"start":{"line":552,"column":12},"end":{"line":589,"column":null}}],"line":551}},"s":{"0":0,"1":0,"2":0,"3":0,"4":0,"5":0,"6":0,"7":0,"8":0,"9":0,"10":0,"11":0,"12":0,"13":0,"14":0,"15":0,"16":0,"17":0,"18":0,"19":0,"20":0,"21":0,"22":0,"23":0,"24":0,"25":0,"26":0,"27":0,"28"
[...]
:{"start":{"line":33,"column":32},"end":{"line":33,"column":44}},"loc":{"start":{"line":33,"column":44},"end":{"line":69,"column":null}},"line":33},"2":{"name":"(anonymous_2)","decl":{"start":{"line":49,"column":10},"end":{"line":49,"column":27}},"loc":{"start":{"line":49,"column":27},"end":{"line":51,"column":19}},"line":49},"3":{"name":"(anonymous_3)","decl":{"start":{"line":80,"column":16},"end":{"line":80,"column":31}},"loc":{"start":{"line":80,"column":31},"end":{"line":80,"column":48}},"line":80},"4":{"name":"(anonymous_4)","decl":{"start":{"line":81,"column":16},"end":{"line":81,"column":31}},"loc":{"start":{"line":81,"column":31},"end":{"line":81,"column":49}},"line":81},"5":{"name":"(anonymous_5)","decl":{"start":{"line":82,"column":16},"end":{"line":82,"column":31}},"loc":{"start":{"line":82,"column":31},"end":{"line":82,"column":54}},"line":82},"6":{"name":"(anonymous_6)","decl":{"start":{"line":83,"column":16},"end":{"line":83,"column":31}},"loc":{"start":{"line":83,"column":31},"end":{"line":83,"column":51}},"line":83},"7":{"name":"(anonymous_7)","decl":{"start":{"line":95,"column":14},"end":{"line":95,"column":25}},"loc":{"start":{"line":95,"column":31},"end":{"line":95,"column":54}},"line":95},"8":{"name":"(anonymous_8)","decl":{"start":{"line":103,"column":14},"end":{"line":103,"column":25}},"loc":{"start":{"line":103,"column":31},"end":{"line":103,"column":58}},"line":103},"9":{"name":"(anonymous_9)","decl":{"start":{"line":126,"column":14},"end":{"line":126,"column":25}},"loc":{"start":{"line":126,"column":31},"end":{"line":126,"column":null}},"line":126},"10":{"name":"(anonymous_10)","decl":{"start":{"line":133,"column":14},"end":{"line":133,"column":25}},"loc":{"start":{"line":133,"column":31},"end":{"line":133,"column":null}},"line":133},"11":{"name":"(anonymous_11)","decl":{"start":{"line":140,"column":14},"end":{"line":140,"column":25}},"loc":{"start":{"line":140,"column":31},"end":{"line":140,"column":null}},"line":140},"12":{"name":"(anonymous_12)","decl":{"start":{"line":158,"column":16},"end":{"line":158,"column":null}},"loc":{"start":{"line":159,"column":18},"end":{"line":159,"column":null}},"line":159},"13":{"name":"(anonymous_13)","decl":{"start":{"line":173,"column":22},"end":{"line":173,"column":38}},"loc":{"start":{"line":173,"column":38},"end":{"line":173,"column":null}},"line":173},"14":{"name":"(anonymous_14)","decl":{"start":{"line":182,"column":22},"end":{"line":182,"column":38}},"loc":{"start":{"line":182,"column":38},"end":{"line":182,"column":null}},"line":182},"15":{"name":"(anonymous_15)","decl":{"start":{"line":193,"column":22},"end":{"line":193,"column":33}},"loc":{"start":{"line":193,"column":39},"end":{"line":193,"column":67}},"line":193},"16":{"name":"(anonymous_16)","decl":{"start":{"line":216,"column":51},"end":{"line":216,"column":66}},"loc":{"start":{"line":216,"column":66},"end":{"line":216,"column":83}},"line":216},"17":{"name":"(anonymous_17)","decl":{"start":{"line":217,"column":50},"end":{"line":217,"column":65}},"loc":{"start":{"line":217,"column":65},"end":{"line":217,"column":81}},"line":217},"18":{"name":"(anonymous_18)","decl":{"start":{"line":218,"column":52},"end":{"line":218,"column":67}},"loc":{"start":{"line":218,"column":67},"end":{"line":218,"column":85}},"line":218},"19":{"name":"(anonymous_19)","decl":{"start":{"line":224,"column":14},"end":{"line":224,"column":25}},"loc":{"start":{"line":224,"column":31},"end":{"line":224,"column":58}},"line":224}},"branchMap":{"0":{"loc":{"start":{"line":38,"column":4},"end":{"line":39,"column":null}},"type":"if","locations":[{"start":{"line":38,"column":4},"end":{"line":39,"column":null}},{"start":{},"end":{}}],"line":38},"1":{"loc":{"start":{"line":38,"column":8},"end":{"line":38,"column":36}},"type":"binary-expr","locations":[{"start":{"line":38,"column":8},"end":{"line":38,"column":16}},{"start":{"line":38,"column":16},"end":{"line":38,"column":36}}],"line":38},"2":{"loc":{"start":{"line":42,"column":4},"end":{"line":56,"column":null}},"type":"if","locations":[{"start":{"line":42,"column":4},"end":{"line":56,"column":null}},{"start":{},"end":{}}],"line":42},"3":{"loc":{"start":{"line":42,"column":8},"end":{"line":42,"column":44}},"type":"binary-expr","locations":[{"start":{"line":42,"column":8},"end":{"line":42,"column":20}},{"start":{"line":42,"column":20},"end":{"line":42,"column":44}}],"line":42},"4":{"loc":{"start":{"line":43,"column":6},"end":{"line":56,"column":null}},"type":"if","locations":[{"start":{"line":43,"column":6},"end":{"line":56,"column":null}},{"start":{},"end":{}}],"line":43},"5":{"loc":{"start":{"line":46,"column":8},"end":{"line":53,"column":null}},"type":"if","locations":[{"start":{"line":46,"column":8},"end":{"line":53,"column":null}},{"start":{},"end":{}}],"line":46},"6":{"loc":{"start":{"line":60,"column":4},"end":{"line":61,"column":null}},"type":"if","locations":[{"start":{"line":60,"column":4},"end":{"line":61,"column":null}},{"start":{},"end":{}}],"line":60},"7":{"loc":{"start":{"line":88,"column":9},"end":{"line":115,"column":null}},"type":"binary-expr","locations":[{"start":{"line":88,"column":9},"end":{"line":88,"column":null}},{"start":{"line":89,"column":10},"end":{"line":115,"column":null}}],"line":88},"8":{"loc":{"start":{"line":106,"column":13},"end":{"line":109,"column":null}},"type":"binary-expr","locations":[{"start":{"line":106,"column":13},"end":{"line":106,"column":null}},{"start":{"line":107,"column":14},"end":{"line":109,"column":null}}],"line":106},"9":{"loc":{"start":{"line":118,"column":9},"end":{"line":146,"column":null}},"type":"binary-expr","locations":[{"start":{"line":118,"column":9},"end":{"line":118,"column":null}},{"start":{"line":119,"column":10},"end":{"line":146,"column":null}}],"line":118},"10":{"loc":{"start":{"line":149,"column":9},"end":{"line":207,"column":null}},"type":"binary-expr","locations":[{"start":{"line":149,"column":9},"end":{"line":149,"column":null}},{"start":{"line":150,"column":10},"end":{"line":207,"column":null}}],"line":149},"11":{"loc":{"start":{"line":164,"column":13},"end":{"line":201,"column":null}},"type":"binary-expr","locations":[{"start":{"line":164,"column":13},"end":{"line":164,"column":null}},{"start":{"line":165,"column":14},"end":{"line":201,"column":null}}],"line":164},"12":{"loc":{"start":{"line":188,"column":17},"end":{"line":199,"column":null}},"type":"binary-expr","locations":[{"start":{"line":188,"column":17},"end":{"line":188,"column":null}},{"start":{"line":189,"column":18},"end":{"line":199,"column":null}}],"line":188},"13":{"loc":{"start":{"line":210,"column":9},"end":{"line":235,"column":null}},"type":"binary-expr","locations":[{"start":{"line":210,"column":9},"end":{"line":210,"column":null}},{"start":{"line":211,"column":10},"end":{"line":235,"column":null}}],"line":210}},"s":{"0":2,"1":2,"2":2,"3":2,"4":2,"5":2,"6":2,"7":2,"8":2,"9":2,"10":2,"11":2,"12":2,"13":0,"14":0,"15":0,"16":0,"17":0,"18":0,"19":0,"20":0,"21":0,"22":0,"23":0,"24":0,"25":0,"26":0,"27":0,"28":0,"29":0,"30":0,"31":0,"32":2,"33":0,"34":0,"35":0,"36":1,"37":0,"38":0,"39":0,"40":0,"41":0,"42":0,"43":0,"44":0,"45":0,"46":0,"47":0,"48":0,"49":0},"f":{"0":2,"1":0,"2":0,"3":0,"4":0,"5":0,"6":1,"7":0,"8":0,"9":0,"10":0,"11":0,"12":0,"13":0,"14":0,"15":0,"16":0,"17":0,"18":0,"19":0},"b":{"0":[0,0],"1":[0,0],"2":[0,0],"3":[0,0],"4":[0,0],"5":[0,0],"6":[0,0],"7":[2,1],"8":[1,0],"9":[2,0],"10":[2,0],"11":[0,0],"12":[0,0],"13":[2,1]},"meta":{"lastBranch":14,"lastFunction":20,"lastStatement":50,"seen":{"f:15:24:15:35":0,"s:16:14:16:48":0,"s:18:15:18:38":1,"s:19:19:19:46":2,"s:21:26:21:60":3,"s:22:22:22:52":4,"s:23:26:23:60":5,"s:25:16:25:45":6,"s:26:19:26:48":7,"s:28:31:28:73":8,"s:29:20:29:49":9,"s:30:25:30:60":10,"s:31:21:31:50":11,"s:33:32:69:Infinity":12,"f:33:32:33:44":1,"s:34:33:34:35":13,"s:36:25:36:58":14,"b:38:4:39:Infinity:undefined:undefined:undefined:undefined":0,"s:38:4:39:Infinity":15,"b:38:8:38:16:38:16:38:36":1,"s:39:6:39:Infinity":16,"b:42:4:56:Infinity:undefined:undefined:undefined:undefined":2,"s:42:4:56:Infinity":17,"b:42:8:42:20:42:20:42:44":3,"b:43:6:56:Infinity:undefined:undefined:undefined:undefined":4,"s:43:6:56:Infinity":18,"s:44:27:44:Infinity":19,"b:46:8:53:Infinity:undefined:undefined:undefined:undefined":5,"s:46:8:53:Infinity":20,"s:47:10:47:Infinity":21,"s:49:10:51:Infinity":22,"f:49:10:49:27":2,"s:50:12:50:Infinity":23,"s:53:10:53:Infinity":24,"s:56:8:56:Infinity":25,"b:60:4:61:Infinity:undefined:undefined:undefined:undefined":6,"s:60:4:61:Infinity":26,"s:61:6:61:Infinity":27,"s:64:4:69:Infinity":28,"s:65:6:65:Infinity":29,"s:67:6:67:Infinity":30,"s:69:6:69:Infinity":31,"s:73:2:240:Infinity":32,"f:80:16:80:31":3,"s:80:31:80:48":33,"f:81:16:81:31":4,"s:81:31:81:49":34,"f:82:16:82:31":5,"s:82:31:82:54":35,"f:83:16:83:31":6,"s:83:31:83:51":36,"b:88:9:88:Infinity:89:10:115:Infinity":7,"f:95:14:95:25":7,"s:95:31:95:54":37,"f:103:14:103:25":8,"s:103:31:103:58":38,"b:106:13:106:Infinity:107:14:109:Infinity":8,"b:118:9:118:Infinity:119:10:146:Infinity":9,"f:126:14:126:25":9,"s:126:31:126:Infinity":39,"f:133:14:133:25":10,"s:133:31:133:Infinity":40,"f:140:14:140:25":11,"s:140:31:140:Infinity":41,"b:149:9:149:Infinity:150:10:207:Infinity":10,"f:158:16:158:Infinity":12,"s:159:18:159:Infinity":42,"b:164:13:164:Infinity:165:14:201:Infinity":11,"f:173:22:173:38":13,"s:173:38:173:Infinity":43,"f:182:22:182:38":14,"s:182:38:182:Infinity":44,"b:188:17:188:Infinity:189:18:199:Infinity":12,"f:193:22:193:33":15,"s:193:39:193:67":45,"b:210:9:210:Infinity:211:10:235:Infinity":13,"f:216:51:216:66":16,"s:216:66:216:83":46,"f:217:50:217:65":17,"s:217:65:217:81":47,"f:218:52:218:67":18,"s:218:67:218:85":48,"f:224:14:224:25":19,"s:224:31:224:58":49}}}
,"/Users/marcelodantas/Documents/GitHub/Job-Application-Tracker-Frontend/src/pages/VerifyEmail.tsx": {"path":"/Users/marcelodantas/Documents/GitHub/Job-Application-Tracker-Frontend/src/pages/VerifyEmail.tsx","statementMap":{"0":{"start":{"line":6,"column":8},"end":{"line":6,"column":32}},"1":{"start":{"line":8,"column":2},"end":{"line":24,"column":null}},"2":{"start":{"line":10,"column":18},"end":{"line":10,"column":74}},"3":{"start":{"line":12,"column":4},"end":{"line":13,"column":null}},"4":{"start":{"line":13,"column":6},"end":{"line":13,"column":null}},"5":{"start":{"line":16,"column":4},"end":{"line":23,"column":null}},"6":{"start":{"line":18,"column":8},"end":{"line":18,"column":null}},"7":{"start":{"line":21,"column":8},"end":{"line":21,"column":null}},"8":{"start":{"line":22,"column":8},"end":{"line":22,"column":null}},"9":{"start":{"line":26,"column":2},"end":{"line":29,"column":null}}},"fnMap":{"0":{"name":"VerifyEmail","decl":{"start":{"line":5,"column":24},"end":{"line":5,"column":38}},"loc":{"start":{"line":5,"column":38},"end":{"line":29,"column":null}},"line":5},"1":{"name":"(anonymous_1)","decl":{"start":{"line":8,"column":2},"end":{"line":8,"column":18}},"loc":{"start":{"line":8,"column":18},"end":{"line":24,"column":7}},"line":8},"2":{"name":"(anonymous_2)","decl":{"start":{"line":17,"column":7},"end":{"line":17,"column":18}},"loc":{"start":{"line":17,"column":18},"end":{"line":19,"column":null}},"line":17},"3":{"name":"(anonymous_3)","decl":{"start":{"line":20,"column":7},"end":{"line":20,"column":19}},"loc":{"start":{"line":20,"column":19},"end":{"line":23,"column":null}},"line":20}},"branchMap":{"0":{"loc":{"start":{"line":12,"column":4},"end":{"line":13,"column":null}},"type":"if","locations":[{"start":{"line":12,"column":4},"end":{"line":13,"column":null}},{"start":{},"end":{}}],"line":12}},"s":{"0":0,"1":0,"2":0,"3":0,"4":0,"5":0,"6":0,"7":0,"8":0,"9":0},"f":{"0":0,"1":0,"2":0,"3":0},"b":{"0":[0,0]},"meta":{"lastBranch":1,"lastFunction":4,"lastStatement":10,"seen":{"f:5:24:5:38":0,"s:6:8:6:32":0,"s:8:2:24:Infinity":1,"f:8:2:8:18":1,"s:10:18:10:74":2,"b:12:4:13:Infinity:undefined:undefined:undefined:undefined":0,"s:12:4:13:Infinity":3,"s:13:6:13:Infinity":4,"s:16:4:23:Infinity":5,"f:17:7:17:18":2,"s:18:8:18:Infinity":6,"f:20:7:20:19":3,"s:21:8:21:Infinity":7,"s:22:8:22:Infinity":8,"s:26:2:29:Infinity":9}}}
,"/Users/marcelodantas/Documents/GitHub/Job-Application-Tracker-Frontend/src/services/api.ts": {"path":"/Users/marcelodantas/Documents/GitHub/Job-Application-Tracker-Frontend/src/services/api.ts","statementMap":{"0":{"start":{"line":4,"column":12},"end":{"line":6,"column":2}}},"fnMap":{},"branchMap":{},"s":{"0":0},"f":{},"b":{},"meta":{"lastBranch":0,"lastFunction":0,"lastStatement":1,"seen":{"s:4:12:6:2":0}}}
,"/Users/marcelodantas/Documents/GitHub/Job-Application-Tracker-Frontend/src/utils/calendar.ts": {"path":"/Users/marcelodantas/Documents/GitHub/Job-Application-Tracker-Frontend/src/utils/calendar.ts","statementMap":{"0":{"start":{"line":4,"column":13},"end":{"line":33,"column":null}},"1":{"start":{"line":5,"column":63},"end":{"line":5,"column":null}},"2":{"start":{"line":7,"column":22},"end":{"line":9,"column":null}},"3":{"start":{"line":11,"column":19},"end":{"line":11,"column":null}},"4":{"start":{"line":13,"column":16},"end":{"line":20,"column":null}},"5":{"start":{"line":22,"column":2},"end":{"line":33,"column":null}},"6":{"start":{"line":23,"column":4},"end":{"line":23,"column":null}},"7":{"start":{"line":23,"column":15},"end":{"line":23,"column":null}},"8":{"start":{"line":25,"column":17},"end":{"line":25,"column":61}},"9":{"start":{"line":26,"column":16},"end":{"line":26,"column":48}},"10":{"start":{"line":27,"column":19},"end":{"line":27,"column":46}},"11":{"start":{"line":28,"column":4},"end":{"line":28,"column":null}},"12":{"start":{"line":29,"column":4},"end":{"line":29,"column":null}},"13":{"start":{"line":30,"column":4},"end":{"line":30,"column":null}},"14":{"start":{"line":31,"column":4},"end":{"line":31,"column":null}},"15":{"start":{"line":32,"column":4},"end":{"line":32,"column":null}}},"fnMap":{"0":{"name":"(anonymous_0)","decl":{"start":{"line":4,"column":13},"end":{"line":4,"column":38}},"loc":{"start":{"line":4,"column":63},"end":{"line":33,"column":null}},"line":4},"1":{"name":"(anonymous_1)","decl":{"start":{"line":22,"column":14},"end":{"line":22,"column":22}},"loc":{"start":{"line":22,"column":39},"end":{"line":33,"column":null}},"line":22}},"branchMap":{"0":{"loc":{"start":{"line":7,"column":22},"end":{"line":9,"column":null}},"type":"cond-expr","locations":[{"start":{"line":8,"column":6},"end":{"line":8,"column":null}},{"start":{"line":9,"column":6},"end":{"line":9,"column":null}}],"line":7},"1":{"loc":{"start":{"line":11,"column":19},"end":{"line":11,"column":null}},"type":"cond-expr","locations":[{"start":{"line":11,"column":40},"end":{"line":11,"column":60}},{"start":{"line":11,"column":60},"end":{"line":11,"column":null}}],"line":11},"2":{"loc":{"start":{"line":11,"column":40},"end":{"line":11,"column":60}},"type":"binary-expr","locations":[{"start":{"line":11,"column":40},"end":{"line":11,"column":48}},{"start":{"line":11,"column":48},"end":{"line":11,"column":60}}],"line":11},"3":{"loc":{"start":{"line":23,"column":4},"end":{"line":23,"column":null}},"type":"if","locations":[{"start":{"line":23,"column":4},"end":{"line":23,"column":null}},{"start":{},"end":{}}],"line":23}},"s":{"0":0,"1":0,"2":0,"3":0,"4":0,"5":0,"6":0,"7":0,"8":0,"9":0,"10":0,"11":0,"12":0,"13":0,"14":0,"15":0},"f":{"0":0,"1":0},"b":{"0":[0,0],"1":[0,0],"2":[0,0],"3":[0,0]},"meta":{"lastBranch":4,"lastFunction":2,"lastStatement":16,"seen":{"s:4:13:33:Infinity":0,"f:4:13:4:38":0,"s:5:63:5:Infinity":1,"s:7:22:9:Infinity":2,"b:8:6:8:Infinity:9:6:9:Infinity":0,"s:11:19:11:Infinity":3,"b:11:40:11:60:11:60:11:Infinity":1,"b:11:40:11:48:11:48:11:60":2,"s:13:16:20:Infinity":4,"s:22:2:33:Infinity":5,"f:22:14:22:22":1,"b:23:4:23:Infinity:undefined:undefined:undefined:undefined":3,"s:23:4:23:Infinity":6,"s:23:15:23:Infinity":7,"s:25:17:25:61":8,"s:26:16:26:48":9,"s:27:19:27:46":10,"s:28:4:28:Infinity":11,"s:29:4:29:Infinity":12,"s:30:4:30:Infinity":13,"s:31:4:31:Infinity":14,"s:32:4:32:Infinity":15}}}
,"/Users/marcelodantas/Documents/GitHub/Job-Application-Tracker-Frontend/src/utils/passwordStrength.ts": {"path":"/Users/marcelodantas/Documents/GitHub/Job-Application-Tracker-Frontend/src/utils/passwordStrength.ts","statementMap":{"0":{"start":{"line":7,"column":14},"end":{"line":7,"column":null}},"1":{"start":{"line":9,"column":2},"end":{"line":9,"column":null}},"2":{"start":{"line":9,"column":28},"end":{"line":9,"column":null}},"3":{"start":{"line":10,"column":2},"end":{"line":10,"column":null}},"4":{"start":{"line":10,"column":30},"end":{"line":10,"column":null}},"5":{"start":{"line":11,"column":2},"end":{"line":11,"column":null}},"6":{"start":{"line":11,"column":30},"end":{"line":11,"column":null}},"7":{"start":{"line":12,"column":2},"end":{"line":12,"column":null}},"8":{"start":{"line":12,"column":27},"end":{"line":12,"column":null}},"9":{"start":{"line":13,"column":2},"end":{"line":13,"column":null}},"10":{"start":{"line":13,"column":34},"end":{"line":13,"column":null}},"11":{"start":{"line":15,"column":2},"end":{"line":15,"column":null}},"12":{"start":{"line":15,"column":18},"end":{"line":15,"column":null}},"13":{"start":{"line":16,"column":2},"end":{"line":16,"column":null}},"14":{"start":{"line":16,"column":18},"end":{"line":16,"column":null}},"15":{"start":{"line":17,"column":2},"end":{"line":17,"column":null}}},"fnMap":{"0":{"name":"getPasswordStrength","decl":{"start":{"line":6,"column":16},"end":{"line":6,"column":36}},"loc":{"start":{"line":6,"column":78},"end":{"line":17,"column":null}},"line":6}},"branchMap":{"0":{"loc":{"start":{"line":9,"column":2},"end":{"line":9,"column":null}},"type":"if","locations":[{"start":{"line":9,"column":2},"end":{"line":9,"column":null}},{"start":{},"end":{}}],"line":9},"1":{"loc":{"start":{"line":10,"column":2},"end":{"line":10,"column":null}},"type":"if","locations":[{"start":{"line":10,"column":2},"end":{"line":10,"column":null}},{"start":{},"end":{}}],"line":10},"2":{"loc":{"start":{"line":11,"column":2},"end":{"line":11,"column":null}},"type":"if","locations":[{"start":{"line":11,"column":2},"end":{"line":11,"column":null}},{"start":{},"end":{}}],"line":11},"3":{"loc":{"start":{"line":12,"column":2},"end":{"line":12,"column":null}},"type":"if","locations":[{"start":{"line":12,"column":2},"end":{"line":12,"column":null}},{"start":{},"end":{}}],"line":12},"4":{"loc":{"start":{"line":13,"column":2},"end":{"line":13,"column":null}},"type":"if","locations":[{"start":{"line":13,"column":2},"end":{"line":13,"column":null}},{"start":{},"end":{}}],"line":13},"5":{"loc":{"start":{"line":15,"column":2},"end":{"line":15,"column":null}},"type":"if","locations":[{"start":{"line":15,"column":2},"end":{"line":15,"column":null}},{"start":{},"end":{}}],"line":15},"6":{"loc":{"start":{"line":16,"column":2},"end":{"line":16,"column":null}},"type":"if","locations":[{"start":{"line":16,"column":2},"end":{"line":16,"column":null}},{"start":{},"end":{}}],"line":16}},"s":{"0":0,"1":0,"2":0,"3":0,"4":0,"5":0,"6":0,"7":0,"8":0,"9":0,"10":0,"11":0,"12":0,"13":0,"14":0,"15":0},"f":{"0":0},"b":{"0":[0,0],"1":[0,0],"2":[0,0],"3":[0,0],"4":[0,0],"5":[0,0],"6":[0,0]},"meta":{"lastBranch":7,"lastFunction":1,"lastStatement":16,"seen":{"f:6:16:6:36":0,"s:7:14:7:Infinity":0,"b:9:2:9:Infinity:undefined:undefined:undefined:undefined":0,"s:9:2:9:Infinity":1,"s:9:28:9:Infinity":2,"b:10:2:10:Infinity:undefined:undefined:undefined:undefined":1,"s:10:2:10:Infinity":3,"s:10:30:10:Infinity":4,"b:11:2:11:Infinity:undefined:undefined:undefined:undefined":2,"s:11:2:11:Infinity":5,"s:11:30:11:Infinity":6,"b:12:2:12:Infinity:undefined:undefined:undefined:undefined":3,"s:12:2:12:Infinity":7,"s:12:27:12:Infinity":8,"b:13:2:13:Infinity:undefined:undefined:undefined:undefined":4,"s:13:2:13:Infinity":9,"s:13:34:13:Infinity":10,"b:15:2:15:Infinity:undefined:undefined:undefined:undefined":5,"s:15:2:15:Infinity":11,"s:15:18:15:Infinity":12,"b:16:2:16:Infinity:undefined:undefined:undefined:undefined":6,"s:16:2:16:Infinity":13,"s:16:18:16:Infinity":14,"s:17:2:17:Infinity":15}}}
}
